This file contains any messages produced by compilers while
running configure, to aid debugging if configure makes a mistake.

It was created by giflib configure. 4.1.6, which was
generated by GNU Autoconf 2.61.  Invocation command line was

  $ ./configure. --prefix=/usr/local452

## --------- ##
## Platform. ##
## --------- ##

hostname = NEOIII
uname -m = i386
uname -r = 1
uname -s = OS/2
uname -v = 2.45

/usr/bin/uname -p = unknown
/bin/uname -X     = unknown

/bin/arch              = unknown
/usr/bin/arch -k       = unknown
/usr/convex/getsysinfo = unknown
/usr/bin/hostinfo      = unknown
/bin/machine           = unknown
/usr/bin/oslevel       = unknown
/bin/universe          = unknown

PATH: U:\foo
PATH: U:\usr\local452\bin
PATH: U:\usr\local452\libexec\gcc\i386-pc-os2-emx\4.5.2
PATH: u:\extras\bin
PATH: U:\usr\bin
PATH: U:\GLIBIDL\GLIB\gcc\bin
PATH: U:\GLIBIDL\LIBIDL\gcc\bin
PATH: u:\bin
PATH: u:\PERL5\bin
PATH: u:\cmake\bin
PATH: u:\subversion\bin
PATH: u:\dev\qt4\bin
PATH: U:\MOZTOOLS
PATH: U:\EMX\bin
PATH: u:\dev\qt4\bin
PATH: u:\python26
PATH: e:\watcom\binp
PATH: u:\wxpm\bin
PATH: u:\dev\ow\BINP
PATH: u:\dev\ow\BINW
PATH: C:\MPTN\BIN
PATH: C:\TCPIP\BIN
PATH: C:\IBMCOM
PATH: C:\IBMLAN\NETPROG
PATH: C:\MUGLIB
PATH: C:\ECS\BIN
PATH: C:\EMX\BIN
PATH: C:\IBMGSK50\BIN
PATH: C:\IBMGSK40\BIN
PATH: C:\IBMGSK\BIN
PATH: C:\OS2
PATH: C:\OS2\SYSTEM
PATH: C:\OS2\INSTALL
PATH: C:\
PATH: C:\OS2\MDOS
PATH: C:\OS2\APPS
PATH: C:\ECS\KLIBC\BIN
PATH: C:\PROGRAMS\JAVA142\BIN
PATH: C:\MMOS2\FREEDB
PATH: C:\MMOS2
PATH: C:\MMOS2\MMPLAYER
PATH: C:\PROGRAMS\4OS2
PATH: C:\PROGRAMS\VyperHelp
PATH: C:\PROGRAMS\ibmworks
PATH: E:\VTEX\BIN
PATH: e:\mmedia\cworks2
PATH: D:\ODIN\SYSTEM32
PATH: C:\TOOLS\CDRTools
PATH: U:\OS2TK45\som\common
PATH: U:\OS2TK45\som\bin
PATH: U:\OS2TK45\bin
PATH: C:\TOOLS\dfsee\bin
PATH: u:\dev\edit2_20
PATH: .
PATH: .


## ----------- ##
## Core tests. ##
## ----------- ##

configure.:1851: loading site script u:/moztools/config.site-nozbinfiles
| #!sh
| #ac_cv_host=i386-pc-gnu
| #ac_cv_host=i386-pc-os2
| #HOST=i386-pc-os2
| SHELL=sh
| PATH=`cmd.exe /c "echo %PATH%" | sed -e 's@\\\\@/@g'`
| PATH_SEPARATOR=';'
| 
| for f in INSTALL PERL M4 EXPR ; do
|  export $f="`type $f.exe|sed -e 's@\\\\@/@g' -e 's@.* @@'`"
| done
| 
| ac_cv_path_PERL='u:/Perl/bin/perl.exe'
| ac_cv_path__PATH_PERL='u:/Perl/bin/perl.exe'
| ac_cv_path__PATH_SH='u:/moztools/ash.exe'
| ac_cv_path__PATH_SED='u:/moztools/sed.exe'
| ac_cv_path_PROG_SENDMAIL='c:/tcpip/bin/sendmail.exe'
| ac_cv_path__PATH_SORT='u:/moztools/sort.exe'
| ac_cv_path_AR='u:/usr/bin/ar.exe'
| ac_cv_path_FALSE='u:/bin/false.exe'
| #ac_cv_path_GZIP='e:/archive/gzip.exe'
| #ac_cv_path_ZIP='e:/archive/zip.exe'
| ac_cv_path_MAKE='u:/moztools/make.exe'
| ac_cv_path_TRUE='u:/bin/true.exe'
| ac_cv_path_RM='u:/bin/rm.exe'
| ac_cv_path_MV='u:/bin/mv.exe'
| ac_cv_member_struct_sockaddr_in_sin_len='yes'
| ac_cv_path_MKDIR='u:/bin/mkdir.exe'
| ac_cv_path_MSGFMT='u:/usr/bin/msgfmt.exe'
| ac_cv_path__PATH_AWK='u:/moztools/awk.exe'
| ac_cv_path__PATH_EGREP='c:/emx/bin/egrep.exe'
| ac_cv_path_install=${INSTALL}
| ac_cv_path_STRIP='echo '
| ac_cv_path_uic='/dev/qt/trunk/bin/uic'
| ac_cv_path_XARGS='u:/moztools/xargs.exe'
| ac_cv_path_JAVAC='c:/programs/java142/bin/javac.exe'
| ac_cv_path_JAR='c:/programs/java142/bin/jar.exe'
| #ac_cv_prog_LN_S='cp -p'
| ac_cv_emxos2='yes'
| ac_cv_libext='lib'
| #cl_cv_prog_LN_S='cp -p'
| #cl_cv_prog_LN='cp -p'
| ac_executable_extensions=".exe"
| ac_cpp=g++.exe
| #LN_S='cp -p'
| MAKE=make
| #ACLOCAL=${ACLOCAL-"${UNIXROOT}/usr/bin/aclocal"}
| #AUTOCONF=${AUTOCONF-"${UNIXROOT}/usr/bin/autoconf"}
| #AUTOMAKE=${AUTOMAKE-"${UNIXROOT}/usr/bin/automake"}
| #AUTOHEADER=${AUTOHEADER-"${UNIXROOT}/usr/bin/autoheader"}
| #ACLOCAL='echo aclocal'
| #AUTOCONF='echo autoconf'
| #AUTOMAKE='echo automake'
| #AUTOHEADER='echo autoheader'
| MAKEINFO=${MAKEINFO-"makeinfo --no-split"}
| AMTAR=${AMTAR-"tar.exe"}
| CC=gcc
| CXX=g++
| AWK=gawk
| LEX=flex
| LIBEXT="LIB"
| #INSTALL=install-sh
| INSTALL=u:/bin/install.exe
| OBJEXT=o
| RM=rm.exe
| PERL=perl.exe
| AR=ar.exe
| LD=ld.exe
| RANLIB=echo
| #LIBTOOL=aplibtool.exe
| YACC='bison -y'
| BMTYPE=int
| BMBYTES=4
| PRINTABLE_OS_NAME=OS/2
| CFLAGS='-D__EMX__ -DOS2  -D__ST_MT_ERRNO__ -g'
| CXXFLAGS='-D__EMX__ -DOS2 -D__ST_MT_ERRNO__ -g'
| LDFLAGS='-Zexe -Zomf -Zmap -Zargs-wild -D__ST_MT_ERRNO__'
| #CFLAGS='-D__EMX__ -DOS2  -D__ST_MT_ERRNO__ -O3 -mcpu=pentium3'
| #CXXFLAGS='-D__EMX__ -DOS2 -D__ST_MT_ERRNO__ -O3 -mcpu=pentium3'
| #LDFLAGS='-Zexe -Zomf -Zmap -Zargs-wild -D__ST_MT_ERRNO__ -s'
| ac_exeext=.exe
| ac_cv_exeext=.exe
| ac_cv_path___CHGRP=echo
| ac_cv_path___CHOWN=echo
| ac_cv_path___RSH=echo
| function test
| { 
|   if [  "$1" = "-x" ] ; then  
|     shift
|     if [ -f "$1" ] ; then return ; fi
|     if type $1.cmd 1>nul 2>&1  ; then  return ; fi
|     if type $1.exe 1>nul 2>&1  ; then  return ; fi
|     x=`type $* 1>nul 2>&1|  sed -e 's@^.* @@' -e 's@\\\\@/@g' -e 's@\\.$@@'`
|     if [ -n "$x" ] ; then
|       grep '^\(#!\|[ \t]*extproc\)' "$x">nul 2>&1 
|     else
|       return 1
|     fi
|   else
|     builtin test "$@"
|   fi ;\
| }
| 
| 
| ### EOF ######################################################################
configure.:1870: creating cache /dev/null
configure.:2002: checking for a BSD-compatible install
configure.:2058: result: u:/bin/install.exe
configure.:2069: checking whether build environment is sane
configure.:2112: result: yes
configure.:2140: checking for a thread-safe mkdir -p
configure.:2179: result: u:/bin/mkdir.exe -p
configure.:2192: checking for gawk
configure.:2219: result: gawk
configure.:2230: checking whether make sets $(MAKE)
configure.:2251: result: yes
configure.:2520: checking build system type
configure.:2538: result: i386-pc-os2-emx
configure.:2560: checking host system type
configure.:2575: result: i386-pc-os2-emx
configure.:2609: checking for style of include used by make
configure.:2637: result: GNU
configure.:2707: checking for gcc
configure.:2734: result: gcc
configure.:2972: checking for C compiler version
configure.:2979: gcc --version >&5
gcc (GCC) 4.5.2
Copyright (C) 2010 Free Software Foundation, Inc.
This is free software; see the source for copying conditions.  There is NO
warranty; not even for MERCHANTABILITY or FITNESS FOR A PARTICULAR PURPOSE.

configure.:2982: $? = 0
configure.:2989: gcc -v >&5
Using built-in specs.
COLLECT_GCC=gcc
Target: i386-pc-os2-emx
Configured with: ./configure --prefix=/usr/local452 --enable-shared --enable-languages=c,c++,fortran --with-gnu-as --disable-lto --disable-bootstrap --disable-libstdcxx-pch --enable-threads
Thread model: os2
gcc version 4.5.2 (GCC) 
configure.:2992: $? = 0
configure.:2999: gcc -V >&5
gcc: '-V' must come at the start of the command line
configure.:3002: $? = 1
configure.:3025: checking for C compiler default output file name
configure.:3052: gcc -D__EMX__ -DOS2  -D__ST_MT_ERRNO__ -g  -Zexe -Zomf -Zmap -Zargs-wild -D__ST_MT_ERRNO__ conftest.c  >&5
configure.:3055: $? = 0
configure.:3093: result: conftest.exe
configure.:3110: checking whether the C compiler works
configure.:3120: ./conftest.exe
configure.:3123: $? = 0
configure.:3140: result: yes
configure.:3147: checking whether we are cross compiling
configure.:3149: result: no
configure.:3152: checking for suffix of executables
configure.:3159: gcc -o conftest.exe -D__EMX__ -DOS2  -D__ST_MT_ERRNO__ -g  -Zexe -Zomf -Zmap -Zargs-wild -D__ST_MT_ERRNO__ conftest.c  >&5
configure.:3162: $? = 0
configure.:3186: result: .exe
configure.:3192: checking for suffix of object files
configure.:3218: gcc -c -D__EMX__ -DOS2  -D__ST_MT_ERRNO__ -g  conftest.c >&5
configure.:3221: $? = 0
configure.:3244: result: o
configure.:3248: checking whether we are using the GNU C compiler
configure.:3277: gcc -c -D__EMX__ -DOS2  -D__ST_MT_ERRNO__ -g  conftest.c >&5
configure.:3283: $? = 0
configure.:3300: result: yes
configure.:3305: checking whether gcc accepts -g
configure.:3335: gcc -c -g  conftest.c >&5
configure.:3341: $? = 0
configure.:3440: result: yes
configure.:3457: checking for gcc option to accept ISO C89
configure.:3531: gcc  -c -D__EMX__ -DOS2  -D__ST_MT_ERRNO__ -g  conftest.c >&5
configure.:3537: $? = 0
configure.:3560: result: none needed
configure.:3580: checking dependency style of gcc
configure.:3671: result: gcc3
configure.:3686: checking for a sed that does not truncate output
configure.:3742: result: U:/MOZTOOLS/sed.exe
configure.:3745: checking for grep that handles long lines and -e
configure.:3819: result: U:/MOZTOOLS/grep.exe
configure.:3824: checking for egrep
configure.:3902: result: U:/MOZTOOLS/grep.exe -E
configure.:3918: checking for ld used by gcc
configure.:3985: result: ld.exe
configure.:3994: checking if the linker (ld.exe) is GNU ld
configure.:4009: result: no
configure.:4014: checking for ld.exe option to reload object files
configure.:4021: result: -r
configure.:4039: checking for BSD-compatible nm
configure.:4088: result: U:/usr/bin/nm -B
configure.:4092: checking whether ln -s works
configure.:4096: result: yes
configure.:4103: checking how to recognise dependent libraries
configure.:4279: result: unknown
configure.:4513: checking how to run the C preprocessor
configure.:4553: gcc -E  conftest.c
configure.:4559: $? = 0
configure.:4590: gcc -E  conftest.c
conftest.c:10:28: fatal error: ac_nonexistent.h: No such file or directory
compilation terminated.
configure.:4596: $? = 1
configure.: failed program was:
| /* confdefs.h.  */
| #define PACKAGE_NAME "giflib"
| #define PACKAGE_TARNAME "giflib"
| #define PACKAGE_VERSION "4.1.6"
| #define PACKAGE_STRING "giflib 4.1.6"
| #define PACKAGE_BUGREPORT "abadger1999@sourceforge.net"
| #define PACKAGE "giflib"
| #define VERSION "4.1.6"
| /* end confdefs.h.  */
| #include <ac_nonexistent.h>
configure.:4629: result: gcc -E
configure.:4658: gcc -E  conftest.c
configure.:4664: $? = 0
configure.:4695: gcc -E  conftest.c
conftest.c:10:28: fatal error: ac_nonexistent.h: No such file or directory
compilation terminated.
configure.:4701: $? = 1
configure.: failed program was:
| /* confdefs.h.  */
| #define PACKAGE_NAME "giflib"
| #define PACKAGE_TARNAME "giflib"
| #define PACKAGE_VERSION "4.1.6"
| #define PACKAGE_STRING "giflib 4.1.6"
| #define PACKAGE_BUGREPORT "abadger1999@sourceforge.net"
| #define PACKAGE "giflib"
| #define VERSION "4.1.6"
| /* end confdefs.h.  */
| #include <ac_nonexistent.h>
configure.:4739: checking for ANSI C header files
configure.:4769: gcc -c -D__EMX__ -DOS2  -D__ST_MT_ERRNO__ -g  conftest.c >&5
configure.:4775: $? = 0
configure.:4874: gcc -o conftest.exe -D__EMX__ -DOS2  -D__ST_MT_ERRNO__ -g  -Zexe -Zomf -Zmap -Zargs-wild -D__ST_MT_ERRNO__ conftest.c  >&5
configure.:4877: $? = 0
configure.:4883: ./conftest.exe
configure.:4886: $? = 0
configure.:4903: result: yes
configure.:4927: checking for sys/types.h
configure.:4948: gcc -c -D__EMX__ -DOS2  -D__ST_MT_ERRNO__ -g  conftest.c >&5
configure.:4954: $? = 0
configure.:4970: result: yes
configure.:4927: checking for sys/stat.h
configure.:4948: gcc -c -D__EMX__ -DOS2  -D__ST_MT_ERRNO__ -g  conftest.c >&5
configure.:4954: $? = 0
configure.:4970: result: yes
configure.:4927: checking for stdlib.h
configure.:4948: gcc -c -D__EMX__ -DOS2  -D__ST_MT_ERRNO__ -g  conftest.c >&5
configure.:4954: $? = 0
configure.:4970: result: yes
configure.:4927: checking for string.h
configure.:4948: gcc -c -D__EMX__ -DOS2  -D__ST_MT_ERRNO__ -g  conftest.c >&5
configure.:4954: $? = 0
configure.:4970: result: yes
configure.:4927: checking for memory.h
configure.:4948: gcc -c -D__EMX__ -DOS2  -D__ST_MT_ERRNO__ -g  conftest.c >&5
configure.:4954: $? = 0
configure.:4970: result: yes
configure.:4927: checking for strings.h
configure.:4948: gcc -c -D__EMX__ -DOS2  -D__ST_MT_ERRNO__ -g  conftest.c >&5
configure.:4954: $? = 0
configure.:4970: result: yes
configure.:4927: checking for inttypes.h
configure.:4948: gcc -c -D__EMX__ -DOS2  -D__ST_MT_ERRNO__ -g  conftest.c >&5
configure.:4954: $? = 0
configure.:4970: result: yes
configure.:4927: checking for stdint.h
configure.:4948: gcc -c -D__EMX__ -DOS2  -D__ST_MT_ERRNO__ -g  conftest.c >&5
configure.:4954: $? = 0
configure.:4970: result: yes
configure.:4927: checking for unistd.h
configure.:4948: gcc -c -D__EMX__ -DOS2  -D__ST_MT_ERRNO__ -g  conftest.c >&5
configure.:4954: $? = 0
configure.:4970: result: yes
configure.:4997: checking dlfcn.h usability
configure.:5014: gcc -c -D__EMX__ -DOS2  -D__ST_MT_ERRNO__ -g  conftest.c >&5
configure.:5020: $? = 0
configure.:5034: result: yes
configure.:5038: checking dlfcn.h presence
configure.:5053: gcc -E  conftest.c
configure.:5059: $? = 0
configure.:5073: result: yes
configure.:5106: checking for dlfcn.h
configure.:5114: result: yes
configure.:5243: checking for C++ compiler version
configure.:5250: g++ --version >&5
g++ (GCC) 4.5.2
Copyright (C) 2010 Free Software Foundation, Inc.
This is free software; see the source for copying conditions.  There is NO
warranty; not even for MERCHANTABILITY or FITNESS FOR A PARTICULAR PURPOSE.

configure.:5253: $? = 0
configure.:5260: g++ -v >&5
Using built-in specs.
COLLECT_GCC=g++
Target: i386-pc-os2-emx
Configured with: ./configure --prefix=/usr/local452 --enable-shared --enable-languages=c,c++,fortran --with-gnu-as --disable-lto --disable-bootstrap --disable-libstdcxx-pch --enable-threads
Thread model: os2
gcc version 4.5.2 (GCC) 
configure.:5263: $? = 0
configure.:5270: g++ -V >&5
g++: argument to '-V' missing

configure.:5273: $? = 1
configure.:5276: checking whether we are using the GNU C++ compiler
configure.:5305: g++ -c -D__EMX__ -DOS2 -D__ST_MT_ERRNO__ -g  conftest.cpp >&5
configure.:5311: $? = 0
configure.:5328: result: yes
configure.:5333: checking whether g++ accepts -g
configure.:5363: g++ -c -g  conftest.cpp >&5
configure.:5369: $? = 0
configure.:5468: result: yes
configure.:5493: checking dependency style of g++
configure.:5584: result: gcc3
configure.:5609: checking how to run the C++ preprocessor
configure.:5645: g++ -E  conftest.cpp
configure.:5651: $? = 0
configure.:5682: g++ -E  conftest.cpp
conftest.cpp:21:28: fatal error: ac_nonexistent.h: No such file or directory
compilation terminated.
configure.:5688: $? = 1
configure.: failed program was:
| /* confdefs.h.  */
| #define PACKAGE_NAME "giflib"
| #define PACKAGE_TARNAME "giflib"
| #define PACKAGE_VERSION "4.1.6"
| #define PACKAGE_STRING "giflib 4.1.6"
| #define PACKAGE_BUGREPORT "abadger1999@sourceforge.net"
| #define PACKAGE "giflib"
| #define VERSION "4.1.6"
| #define STDC_HEADERS 1
| #define HAVE_SYS_TYPES_H 1
| #define HAVE_SYS_STAT_H 1
| #define HAVE_STDLIB_H 1
| #define HAVE_STRING_H 1
| #define HAVE_MEMORY_H 1
| #define HAVE_STRINGS_H 1
| #define HAVE_INTTYPES_H 1
| #define HAVE_STDINT_H 1
| #define HAVE_UNISTD_H 1
| #define HAVE_DLFCN_H 1
| /* end confdefs.h.  */
| #include <ac_nonexistent.h>
configure.:5721: result: g++ -E
configure.:5750: g++ -E  conftest.cpp
configure.:5756: $? = 0
configure.:5787: g++ -E  conftest.cpp
conftest.cpp:21:28: fatal error: ac_nonexistent.h: No such file or directory
compilation terminated.
configure.:5793: $? = 1
configure.: failed program was:
| /* confdefs.h.  */
| #define PACKAGE_NAME "giflib"
| #define PACKAGE_TARNAME "giflib"
| #define PACKAGE_VERSION "4.1.6"
| #define PACKAGE_STRING "giflib 4.1.6"
| #define PACKAGE_BUGREPORT "abadger1999@sourceforge.net"
| #define PACKAGE "giflib"
| #define VERSION "4.1.6"
| #define STDC_HEADERS 1
| #define HAVE_SYS_TYPES_H 1
| #define HAVE_SYS_STAT_H 1
| #define HAVE_STDLIB_H 1
| #define HAVE_STRING_H 1
| #define HAVE_MEMORY_H 1
| #define HAVE_STRINGS_H 1
| #define HAVE_INTTYPES_H 1
| #define HAVE_STDINT_H 1
| #define HAVE_UNISTD_H 1
| #define HAVE_DLFCN_H 1
| /* end confdefs.h.  */
| #include <ac_nonexistent.h>
configure.:5886: checking for g77
configure.:5916: result: no
configure.:5886: checking for xlf
configure.:5916: result: no
configure.:5886: checking for f77
configure.:5916: result: no
configure.:5886: checking for frt
configure.:5916: result: no
configure.:5886: checking for pgf77
configure.:5916: result: no
configure.:5886: checking for cf77
configure.:5916: result: no
configure.:5886: checking for fort77
configure.:5916: result: no
configure.:5886: checking for fl32
configure.:5916: result: no
configure.:5886: checking for af77
configure.:5916: result: no
configure.:5886: checking for xlf90
configure.:5916: result: no
configure.:5886: checking for f90
configure.:5916: result: no
configure.:5886: checking for pgf90
configure.:5916: result: no
configure.:5886: checking for pghpf
configure.:5916: result: no
configure.:5886: checking for epcf90
configure.:5916: result: no
configure.:5886: checking for gfortran
configure.:5902: found U:/usr/local452/bin/gfortran.exe
configure.:5913: result: gfortran
configure.:5943: checking for Fortran 77 compiler version
configure.:5950: gfortran --version >&5
GNU Fortran (GCC) 4.5.2
Copyright (C) 2010 Free Software Foundation, Inc.

GNU Fortran comes with NO WARRANTY, to the extent permitted by law.
You may redistribute copies of GNU Fortran
under the terms of the GNU General Public License.
For more information about these matters, see the file named COPYING

configure.:5953: $? = 0
configure.:5960: gfortran -v >&5
Using built-in specs.
COLLECT_GCC=gfortran
Target: i386-pc-os2-emx
Configured with: ./configure --prefix=/usr/local452 --enable-shared --enable-languages=c,c++,fortran --with-gnu-as --disable-lto --disable-bootstrap --disable-libstdcxx-pch --enable-threads
Thread model: os2
gcc version 4.5.2 (GCC) 
configure.:5963: $? = 0
configure.:5970: gfortran -V >&5
gfortran: argument to '-V' missing
configure.:5973: $? = 1
configure.:5981: checking whether we are using the GNU Fortran 77 compiler
configure.:6000: gfortran -c  conftest.F >&5
configure.:6006: $? = 0
configure.:6023: result: yes
configure.:6029: checking whether gfortran accepts -g
configure.:6046: gfortran -c -g conftest.f >&5
configure.:6052: $? = 0
configure.:6068: result: yes
configure.:6098: checking the maximum length of command line arguments
configure.:6210: result: none
configure.:6218: checking command to parse U:/usr/bin/nm -B output from gcc object
configure.:6323: gcc -c -D__EMX__ -DOS2  -D__ST_MT_ERRNO__ -g  conftest.c >&5
configure.:6326: $? = 0
configure.:6330: U:/usr/bin/nm -B conftest.o \| sed -n -e 's/^.*[ 	]\([ABCDGIRSTW][ABCDGIRSTW]*\)[ 	][ 	]*\([_A-Za-z][_A-Za-z0-9]*\)$/\1 \2 \2/p' \> conftest.nm
configure.:6333: $? = 0
cannot find nm_test_var in conftest.nm
configure.:6323: gcc -c -D__EMX__ -DOS2  -D__ST_MT_ERRNO__ -g  conftest.c >&5
configure.:6326: $? = 0
configure.:6330: U:/usr/bin/nm -B conftest.o \| sed -n -e 's/^.*[ 	]\([ABCDGIRSTW][ABCDGIRSTW]*\)[ 	][ 	]*_\([_A-Za-z][_A-Za-z0-9]*\)$/\1 _\2 \2/p' \> conftest.nm
configure.:6333: $? = 0
configure.:6385: gcc -o conftest.exe -D__EMX__ -DOS2  -D__ST_MT_ERRNO__ -g  -Zexe -Zomf -Zmap -Zargs-wild -D__ST_MT_ERRNO__ conftest.c conftstm.o >&5
configure.:6388: $? = 0
configure.:6426: result: ok
configure.:6430: checking for objdir
configure.:6445: result: .libs
configure.:6537: checking for ar
configure.:6564: result: ar.exe
configure.:6633: checking for ranlib
configure.:6660: result: echo
configure.:6729: checking for strip
configure.:6745: found U:/usr/bin/strip.exe
configure.:6756: result: strip
configure.:7042: checking if gcc supports -fno-rtti -fno-exceptions
configure.:7060: gcc -c -D__EMX__ -DOS2  -D__ST_MT_ERRNO__ -g  -fno-rtti -fno-exceptions conftest.c >&5
cc1: warning: command line option "-fno-rtti" is valid for C++/ObjC++ but not for C
configure.:7064: $? = 0
configure.:7077: result: no
configure.:7092: checking for gcc option to produce PIC
configure.:7302: result: -DDLL_EXPORT
configure.:7310: checking if gcc PIC flag -DDLL_EXPORT works
configure.:7328: gcc -c -D__EMX__ -DOS2  -D__ST_MT_ERRNO__ -g  -DDLL_EXPORT -DPIC conftest.c >&5
configure.:7332: $? = 0
configure.:7345: result: yes
configure.:7373: checking if gcc static flag -static works
Error! E2028: ___libc_back_signalOS2V1Handler16bit is an undefined reference
file U:\usr\lib\libc_s.lib(signals.obj): undefined symbol ___libc_back_signalOS2V1Handler16bit
configure.:7401: result: no
configure.:7411: checking if gcc supports -c -o file.o
configure.:7432: gcc -c -D__EMX__ -DOS2  -D__ST_MT_ERRNO__ -g  -o out/conftest2.o conftest.c >&5
configure.:7436: $? = 0
configure.:7458: result: yes
configure.:7484: checking whether the gcc linker (ld.exe) supports shared libraries
configure.:8438: result: yes
configure.:8505: checking dynamic linker characteristics
configure.:9114: result: OS/2 ld.exe
configure.:9123: checking how to hardcode library paths into programs
configure.:9148: result: immediate
configure.:9162: checking whether stripping libraries is possible
configure.:9167: result: yes
configure.:9968: checking if libtool supports shared libraries
configure.:9970: result: yes
configure.:9973: checking whether to build shared libraries
configure.:9994: result: yes
configure.:9997: checking whether to build static libraries
configure.:10001: result: yes
configure.:10093: creating libtool
configure.:10681: checking for ld used by g++
configure.:10748: result: ld.exe
configure.:10757: checking if the linker (ld.exe) is GNU ld
configure.:10772: result: no
configure.:10823: checking whether the g++ linker (ld.exe) supports shared libraries
configure.:11757: result: no
configure.:11775: g++ -c -D__EMX__ -DOS2 -D__ST_MT_ERRNO__ -g  conftest.cpp >&5
configure.:11778: $? = 0
configure.:11897: checking for g++ option to produce PIC
configure.:12171: result: -DDLL_EXPORT
configure.:12179: checking if g++ PIC flag -DDLL_EXPORT works
configure.:12197: g++ -c -D__EMX__ -DOS2 -D__ST_MT_ERRNO__ -g  -DDLL_EXPORT -DPIC conftest.cpp >&5
configure.:12201: $? = 0
configure.:12214: result: yes
configure.:12242: checking if g++ static flag -static works
Error! E2028: ___libc_back_signalOS2V1Handler16bit is an undefined reference
file U:\usr\lib\libc_s.lib(signals.obj): undefined symbol ___libc_back_signalOS2V1Handler16bit
configure.:12270: result: no
configure.:12280: checking if g++ supports -c -o file.o
configure.:12301: g++ -c -D__EMX__ -DOS2 -D__ST_MT_ERRNO__ -g  -o out/conftest2.o conftest.cpp >&5
configure.:12305: $? = 0
configure.:12327: result: yes
configure.:12353: checking whether the g++ linker (ld.exe) supports shared libraries
configure.:12378: result: no
configure.:12445: checking dynamic linker characteristics
configure.:13054: result: OS/2 ld.exe
configure.:13063: checking how to hardcode library paths into programs
configure.:13088: result: unsupported
configure.:13614: checking if libtool supports shared libraries
configure.:13616: result: no
configure.:13619: checking whether to build shared libraries
configure.:13639: result: no
configure.:13642: checking whether to build static libraries
configure.:13646: result: yes
configure.:13656: checking for gfortran option to produce PIC
configure.:13866: result: -DDLL_EXPORT
configure.:13874: checking if gfortran PIC flag -DDLL_EXPORT works
configure.:13892: gfortran -c -g -O2 -DDLL_EXPORT conftest.f >&5
configure.:13896: $? = 0
configure.:13909: result: yes
configure.:13937: checking if gfortran static flag -static works
Error! E2028: ___libc_back_signalOS2V1Handler16bit is an undefined reference
file U:\usr\lib\libc_s.lib(signals.obj): undefined symbol ___libc_back_signalOS2V1Handler16bit
configure.:13965: result: no
configure.:13975: checking if gfortran supports -c -o file.o
configure.:13996: gfortran -c -g -O2 -o out/conftest2.o conftest.f >&5
configure.:14000: $? = 0
configure.:14022: result: yes
configure.:14048: checking whether the gfortran linker (ld.exe) supports shared libraries
configure.:14982: result: yes
configure.:15049: checking dynamic linker characteristics
configure.:15658: result: OS/2 ld.exe
configure.:15667: checking how to hardcode library paths into programs
configure.:15692: result: immediate
configure.:19318: checking for gcc
configure.:19345: result: gcc
configure.:19583: checking for C compiler version
configure.:19590: gcc --version >&5
gcc (GCC) 4.5.2
Copyright (C) 2010 Free Software Foundation, Inc.
This is free software; see the source for copying conditions.  There is NO
warranty; not even for MERCHANTABILITY or FITNESS FOR A PARTICULAR PURPOSE.

configure.:19593: $? = 0
configure.:19600: gcc -v >&5
Using built-in specs.
COLLECT_GCC=gcc
Target: i386-pc-os2-emx
Configured with: ./configure --prefix=/usr/local452 --enable-shared --enable-languages=c,c++,fortran --with-gnu-as --disable-lto --disable-bootstrap --disable-libstdcxx-pch --enable-threads
Thread model: os2
gcc version 4.5.2 (GCC) 
configure.:19603: $? = 0
configure.:19610: gcc -V >&5
gcc: '-V' must come at the start of the command line
configure.:19613: $? = 1
configure.:19616: checking whether we are using the GNU C compiler
configure.:19668: result: yes
configure.:19673: checking whether gcc accepts -g
configure.:19808: result: yes
configure.:19825: checking for gcc option to accept ISO C89
configure.:19928: result: none needed
configure.:19948: checking dependency style of gcc
configure.:20039: result: gcc3
configure.:20059: checking how to run the C preprocessor
configure.:20175: result: gcc -E
configure.:20204: gcc -E  conftest.c
configure.:20210: $? = 0
configure.:20241: gcc -E  conftest.c
conftest.c:21:28: fatal error: ac_nonexistent.h: No such file or directory
compilation terminated.
configure.:20247: $? = 1
configure.: failed program was:
| /* confdefs.h.  */
| #define PACKAGE_NAME "giflib"
| #define PACKAGE_TARNAME "giflib"
| #define PACKAGE_VERSION "4.1.6"
| #define PACKAGE_STRING "giflib 4.1.6"
| #define PACKAGE_BUGREPORT "abadger1999@sourceforge.net"
| #define PACKAGE "giflib"
| #define VERSION "4.1.6"
| #define STDC_HEADERS 1
| #define HAVE_SYS_TYPES_H 1
| #define HAVE_SYS_STAT_H 1
| #define HAVE_STDLIB_H 1
| #define HAVE_STRING_H 1
| #define HAVE_MEMORY_H 1
| #define HAVE_STRINGS_H 1
| #define HAVE_INTTYPES_H 1
| #define HAVE_STDINT_H 1
| #define HAVE_UNISTD_H 1
| #define HAVE_DLFCN_H 1
| /* end confdefs.h.  */
| #include <ac_nonexistent.h>
configure.:20297: checking for a BSD-compatible install
configure.:20353: result: u:/bin/install.exe
configure.:20364: checking whether ln -s works
configure.:20368: result: yes
configure.:20375: checking whether make sets $(MAKE)
configure.:20396: result: yes
configure.:20406: checking whether gcc and cc understand -c and -o together
configure.:20441: gcc -c conftest.c -o conftest2.o >&5
configure.:20444: $? = 0
configure.:20450: gcc -c conftest.c -o conftest2.o >&5
configure.:20453: $? = 0
configure.:20464: cc -c conftest.c >&5
cc: No such file or directory
configure.:20467: $? = 127
configure.:20505: result: yes
configure.:20537: checking for pow in -lm
configure.:20572: gcc -o conftest.exe -D__EMX__ -DOS2  -D__ST_MT_ERRNO__ -g -Wall  -Zexe -Zomf -Zmap -Zargs-wild -D__ST_MT_ERRNO__ conftest.c -lm   >&5
conftest.c:28:6: warning: conflicting types for built-in function 'pow'
configure.:20578: $? = 0
configure.:20596: result: yes
configure.:20645: checking rle.h usability
configure.:20662: gcc -c -D__EMX__ -DOS2  -D__ST_MT_ERRNO__ -g -Wall  conftest.c >&5
conftest.c:54:17: fatal error: rle.h: No such file or directory
compilation terminated.
configure.:20668: $? = 1
configure.: failed program was:
| /* confdefs.h.  */
| #define PACKAGE_NAME "giflib"
| #define PACKAGE_TARNAME "giflib"
| #define PACKAGE_VERSION "4.1.6"
| #define PACKAGE_STRING "giflib 4.1.6"
| #define PACKAGE_BUGREPORT "abadger1999@sourceforge.net"
| #define PACKAGE "giflib"
| #define VERSION "4.1.6"
| #define STDC_HEADERS 1
| #define HAVE_SYS_TYPES_H 1
| #define HAVE_SYS_STAT_H 1
| #define HAVE_STDLIB_H 1
| #define HAVE_STRING_H 1
| #define HAVE_MEMORY_H 1
| #define HAVE_STRINGS_H 1
| #define HAVE_INTTYPES_H 1
| #define HAVE_STDINT_H 1
| #define HAVE_UNISTD_H 1
| #define HAVE_DLFCN_H 1
| /* end confdefs.h.  */
| #include <stdio.h>
| #ifdef HAVE_SYS_TYPES_H
| # include <sys/types.h>
| #endif
| #ifdef HAVE_SYS_STAT_H
| # include <sys/stat.h>
| #endif
| #ifdef STDC_HEADERS
| # include <stdlib.h>
| # include <stddef.h>
| #else
| # ifdef HAVE_STDLIB_H
| #  include <stdlib.h>
| # endif
| #endif
| #ifdef HAVE_STRING_H
| # if !defined STDC_HEADERS && defined HAVE_MEMORY_H
| #  include <memory.h>
| # endif
| # include <string.h>
| #endif
| #ifdef HAVE_STRINGS_H
| # include <strings.h>
| #endif
| #ifdef HAVE_INTTYPES_H
| # include <inttypes.h>
| #endif
| #ifdef HAVE_STDINT_H
| # include <stdint.h>
| #endif
| #ifdef HAVE_UNISTD_H
| # include <unistd.h>
| #endif
| #include <rle.h>
configure.:20682: result: no
configure.:20686: checking rle.h presence
configure.:20701: gcc -E  conftest.c
conftest.c:21:17: fatal error: rle.h: No such file or directory
compilation terminated.
configure.:20707: $? = 1
configure.: failed program was:
| /* confdefs.h.  */
| #define PACKAGE_NAME "giflib"
| #define PACKAGE_TARNAME "giflib"
| #define PACKAGE_VERSION "4.1.6"
| #define PACKAGE_STRING "giflib 4.1.6"
| #define PACKAGE_BUGREPORT "abadger1999@sourceforge.net"
| #define PACKAGE "giflib"
| #define VERSION "4.1.6"
| #define STDC_HEADERS 1
| #define HAVE_SYS_TYPES_H 1
| #define HAVE_SYS_STAT_H 1
| #define HAVE_STDLIB_H 1
| #define HAVE_STRING_H 1
| #define HAVE_MEMORY_H 1
| #define HAVE_STRINGS_H 1
| #define HAVE_INTTYPES_H 1
| #define HAVE_STDINT_H 1
| #define HAVE_UNISTD_H 1
| #define HAVE_DLFCN_H 1
| /* end confdefs.h.  */
| #include <rle.h>
configure.:20721: result: no
configure.:20754: checking for rle.h
configure.:20762: result: no
configure.:20859: checking gl/gl.h usability
configure.:20876: gcc -c -D__EMX__ -DOS2  -D__ST_MT_ERRNO__ -g -Wall  conftest.c >&5
configure.:20882: $? = 0
configure.:20896: result: yes
configure.:20900: checking gl/gl.h presence
configure.:20915: gcc -E  conftest.c
configure.:20921: $? = 0
configure.:20935: result: yes
configure.:20968: checking for gl/gl.h
configure.:20976: result: yes
configure.:20984: checking for main in -lgl_s
configure.:21013: gcc -o conftest.exe -D__EMX__ -DOS2  -D__ST_MT_ERRNO__ -g -Wall  -Zexe -Zomf -Zmap -Zargs-wild -D__ST_MT_ERRNO__ conftest.c -lgl_s   >&5
weakld: cannot open library file 'u:\dev\qt4\lib\gl_s_s.a'.
emxomfld: weak prelinker failed. (rc=8)
configure.:21019: $? = 1
configure.: failed program was:
| /* confdefs.h.  */
| #define PACKAGE_NAME "giflib"
| #define PACKAGE_TARNAME "giflib"
| #define PACKAGE_VERSION "4.1.6"
| #define PACKAGE_STRING "giflib 4.1.6"
| #define PACKAGE_BUGREPORT "abadger1999@sourceforge.net"
| #define PACKAGE "giflib"
| #define VERSION "4.1.6"
| #define STDC_HEADERS 1
| #define HAVE_SYS_TYPES_H 1
| #define HAVE_SYS_STAT_H 1
| #define HAVE_STDLIB_H 1
| #define HAVE_STRING_H 1
| #define HAVE_MEMORY_H 1
| #define HAVE_STRINGS_H 1
| #define HAVE_INTTYPES_H 1
| #define HAVE_STDINT_H 1
| #define HAVE_UNISTD_H 1
| #define HAVE_DLFCN_H 1
| #define HAVE_GL_GL_H 1
| /* end confdefs.h.  */
| 
| 
| int
| main ()
| {
| return main ();
|   ;
|   return 0;
| }
configure.:21037: result: no
configure.:21056: checking for X
configure.:21171: gcc -E  conftest.c
configure.:21177: $? = 0
configure.:21226: gcc -o conftest.exe -D__EMX__ -DOS2  -D__ST_MT_ERRNO__ -g -Wall  -Zexe -Zomf -Zmap -Zargs-wild -D__ST_MT_ERRNO__ conftest.c -lX11  >&5
In file included from U:/USR/include/X11/Xlib.h:1198:0,
                 from conftest.c:22:
U:/USR/include/tkIntXlibDecls.h:371:8: error: expected '=', ',', ';', 'asm' or '__attribute__' before 'void'
U:/USR/include/tkIntXlibDecls.h:375:8: error: expected '=', ',', ';', 'asm' or '__attribute__' before 'XModifierKeymap'
U:/USR/include/tkIntXlibDecls.h:377:8: error: expected '=', ',', ';', 'asm' or '__attribute__' before 'XImage'
U:/USR/include/tkIntXlibDecls.h:382:8: error: expected '=', ',', ';', 'asm' or '__attribute__' before 'XImage'
U:/USR/include/tkIntXlibDecls.h:386:8: error: expected '=', ',', ';', 'asm' or '__attribute__' before 'char'
U:/USR/include/tkIntXlibDecls.h:388:8: error: expected '=', ',', ';', 'asm' or '__attribute__' before 'char'
U:/USR/include/tkIntXlibDecls.h:390:8: error: expected '=', ',', ';', 'asm' or '__attribute__' before 'Colormap'
U:/USR/include/tkIntXlibDecls.h:393:8: error: expected '=', ',', ';', 'asm' or '__attribute__' before 'Cursor'
U:/USR/include/tkIntXlibDecls.h:397:8: error: expected '=', ',', ';', 'asm' or '__attribute__' before 'Cursor'
U:/USR/include/tkIntXlibDecls.h:401:8: error: expected '=', ',', ';', 'asm' or '__attribute__' before 'GContext'
U:/USR/include/tkIntXlibDecls.h:403:8: error: expected '=', ',', ';', 'asm' or '__attribute__' before 'XHostAddress'
U:/USR/include/tkIntXlibDecls.h:405:8: error: expected '=', ',', ';', 'asm' or '__attribute__' before 'KeySym'
U:/USR/include/tkIntXlibDecls.h:408:8: error: expected '=', ',', ';', 'asm' or '__attribute__' before 'KeySym'
U:/USR/include/tkIntXlibDecls.h:410:8: error: expected '=', ',', ';', 'asm' or '__attribute__' before 'Window'
U:/USR/include/tkIntXlibDecls.h:412:8: error: expected '=', ',', ';', 'asm' or '__attribute__' before 'XErrorHandler'
U:/USR/include/tkIntXlibDecls.h:414:8: error: expected '=', ',', ';', 'asm' or '__attribute__' before 'Status'
U:/USR/include/tkIntXlibDecls.h:417:8: error: expected '=', ',', ';', 'asm' or '__attribute__' before 'Status'
U:/USR/include/tkIntXlibDecls.h:420:8: error: expected '=', ',', ';', 'asm' or '__attribute__' before 'Status'
U:/USR/include/tkIntXlibDecls.h:423:8: error: expected '=', ',', ';', 'asm' or '__attribute__' before 'Status'
U:/USR/include/tkIntXlibDecls.h:426:8: error: expected '=', ',', ';', 'asm' or '__attribute__' before 'void'
U:/USR/include/tkIntXlibDecls.h:428:8: error: expected '=', ',', ';', 'asm' or '__attribute__' before 'void'
U:/USR/include/tkIntXlibDecls.h:432:8: error: expected '=', ',', ';', 'asm' or '__attribute__' before 'void'
U:/USR/include/tkIntXlibDecls.h:436:8: error: expected '=', ',', ';', 'asm' or '__attribute__' before 'void'
U:/USR/include/tkIntXlibDecls.h:438:8: error: expected '=', ',', ';', 'asm' or '__attribute__' before 'void'
U:/USR/include/tkIntXlibDecls.h:441:8: error: expected '=', ',', ';', 'asm' or '__attribute__' before 'void'
U:/USR/include/tkIntXlibDecls.h:446:8: error: expected '=', ',', ';', 'asm' or '__attribute__' before 'void'
U:/USR/include/tkIntXlibDecls.h:451:8: error: expected '=', ',', ';', 'asm' or '__attribute__' before 'Pixmap'
U:/USR/include/tkIntXlibDecls.h:455:8: error: expected '=', ',', ';', 'asm' or '__attribute__' before 'void'
U:/USR/include/tkIntXlibDecls.h:458:8: error: expected '=', ',', ';', 'asm' or '__attribute__' before 'void'
U:/USR/include/tkIntXlibDecls.h:461:8: error: expected '=', ',', ';', 'asm' or '__attribute__' before 'void'
U:/USR/include/tkIntXlibDecls.h:463:8: error: expected '=', ',', ';', 'asm' or '__attribute__' before 'void'
U:/USR/include/tkIntXlibDecls.h:467:8: error: expected '=', ',', ';', 'asm' or '__attribute__' before 'void'
U:/USR/include/tkIntXlibDecls.h:470:8: error: expected '=', ',', ';', 'asm' or '__attribute__' before 'void'
U:/USR/include/tkIntXlibDecls.h:474:8: error: expected '=', ',', ';', 'asm' or '__attribute__' before 'void'
U:/USR/include/tkIntXlibDecls.h:478:8: error: expected '=', ',', ';', 'asm' or '__attribute__' before 'void'
U:/USR/include/tkIntXlibDecls.h:481:8: error: expected '=', ',', ';', 'asm' or '__attribute__' before 'void'
U:/USR/include/tkIntXlibDecls.h:484:8: error: expected '=', ',', ';', 'asm' or '__attribute__' before 'void'
U:/USR/include/tkIntXlibDecls.h:486:8: error: expected '=', ',', ';', 'asm' or '__attribute__' before 'void'
U:/USR/include/tkIntXlibDecls.h:488:8: error: expected '=', ',', ';', 'asm' or '__attribute__' before 'void'
U:/USR/include/tkIntXlibDecls.h:491:8: error: expected '=', ',', ';', 'asm' or '__attribute__' before 'void'
U:/USR/include/tkIntXlibDecls.h:493:8: error: expected '=', ',', ';', 'asm' or '__attribute__' before 'void'
U:/USR/include/tkIntXlibDecls.h:495:8: error: expected '=', ',', ';', 'asm' or '__attribute__' before 'Status'
U:/USR/include/tkIntXlibDecls.h:500:8: error: expected '=', ',', ';', 'asm' or '__attribute__' before 'void'
U:/USR/include/tkIntXlibDecls.h:503:8: error: expected '=', ',', ';', 'asm' or '__attribute__' before 'int'
U:/USR/include/tkIntXlibDecls.h:508:8: error: expected '=', ',', ';', 'asm' or '__attribute__' before 'Status'
U:/USR/include/tkIntXlibDecls.h:511:8: error: expected '=', ',', ';', 'asm' or '__attribute__' before 'int'
U:/USR/include/tkIntXlibDecls.h:514:8: error: expected '=', ',', ';', 'asm' or '__attribute__' before 'int'
U:/USR/include/tkIntXlibDecls.h:518:8: error: expected '=', ',', ';', 'asm' or '__attribute__' before 'KeyCode'
U:/USR/include/tkIntXlibDecls.h:520:8: error: expected '=', ',', ';', 'asm' or '__attribute__' before 'Status'
U:/USR/include/tkIntXlibDecls.h:523:8: error: expected '=', ',', ';', 'asm' or '__attribute__' before 'void'
U:/USR/include/tkIntXlibDecls.h:525:8: error: expected '=', ',', ';', 'asm' or '__attribute__' before 'void'
U:/USR/include/tkIntXlibDecls.h:529:8: error: expected '=', ',', ';', 'asm' or '__attribute__' before 'void'
U:/USR/include/tkIntXlibDecls.h:532:8: error: expected '=', ',', ';', 'asm' or '__attribute__' before 'void'
U:/USR/include/tkIntXlibDecls.h:534:8: error: expected '=', ',', ';', 'asm' or '__attribute__' before 'void'
U:/USR/include/tkIntXlibDecls.h:536:8: error: expected '=', ',', ';', 'asm' or '__attribute__' before 'void'
U:/USR/include/tkIntXlibDecls.h:539:8: error: expected '=', ',', ';', 'asm' or '__attribute__' before 'int'
U:/USR/include/tkIntXlibDecls.h:543:8: error: expected '=', ',', ';', 'asm' or '__attribute__' before 'Status'
U:/USR/include/tkIntXlibDecls.h:547:8: error: expected '=', ',', ';', 'asm' or '__attribute__' before 'void'
U:/USR/include/tkIntXlibDecls.h:549:8: error: expected '=', ',', ';', 'asm' or '__attribute__' before 'void'
U:/USR/include/tkIntXlibDecls.h:552:8: error: expected '=', ',', ';', 'asm' or '__attribute__' before 'void'
U:/USR/include/tkIntXlibDecls.h:555:8: error: expected '=', ',', ';', 'asm' or '__attribute__' before 'void'
U:/USR/include/tkIntXlibDecls.h:558:8: error: expected '=', ',', ';', 'asm' or '__attribute__' before 'Status'
U:/USR/include/tkIntXlibDecls.h:561:8: error: expected '=', ',', ';', 'asm' or '__attribute__' before 'void'
U:/USR/include/tkIntXlibDecls.h:564:8: error: expected '=', ',', ';', 'asm' or '__attribute__' before 'void'
U:/USR/include/tkIntXlibDecls.h:567:8: error: expected '=', ',', ';', 'asm' or '__attribute__' before 'void'
U:/USR/include/tkIntXlibDecls.h:570:8: error: expected '=', ',', ';', 'asm' or '__attribute__' before 'void'
U:/USR/include/tkIntXlibDecls.h:573:8: error: expected '=', ',', ';', 'asm' or '__attribute__' before 'void'
U:/USR/include/tkIntXlibDecls.h:576:8: error: expected '=', ',', ';', 'asm' or '__attribute__' before 'void'
U:/USR/include/tkIntXlibDecls.h:579:8: error: expected '=', ',', ';', 'asm' or '__attribute__' before 'void'
U:/USR/include/tkIntXlibDecls.h:582:8: error: expected '=', ',', ';', 'asm' or '__attribute__' before 'void'
U:/USR/include/tkIntXlibDecls.h:585:8: error: expected '=', ',', ';', 'asm' or '__attribute__' before 'void'
U:/USR/include/tkIntXlibDecls.h:588:8: error: expected '=', ',', ';', 'asm' or '__attribute__' before 'void'
U:/USR/include/tkIntXlibDecls.h:591:8: error: expected '=', ',', ';', 'asm' or '__attribute__' before 'int'
U:/USR/include/tkIntXlibDecls.h:595:8: error: expected '=', ',', ';', 'asm' or '__attribute__' before 'void'
U:/USR/include/tkIntXlibDecls.h:597:8: error: expected '=', ',', ';', 'asm' or '__attribute__' before 'void'
U:/USR/include/tkIntXlibDecls.h:599:8: error: expected '=', ',', ';', 'asm' or '__attribute__' before 'void'
U:/USR/include/tkIntXlibDecls.h:601:8: error: expected '=', ',', ';', 'asm' or '__attribute__' before 'void'
U:/USR/include/tkIntXlibDecls.h:604:8: error: expected '=', ',', ';', 'asm' or '__attribute__' before 'void'
U:/USR/include/tkIntXlibDecls.h:606:8: error: expected '=', ',', ';', 'asm' or '__attribute__' before 'int'
U:/USR/include/tkIntXlibDecls.h:608:8: error: expected '=', ',', ';', 'asm' or '__attribute__' before 'int'
U:/USR/include/tkIntXlibDecls.h:612:8: error: expected '=', ',', ';', 'asm' or '__attribute__' before 'void'
U:/USR/include/tkIntXlibDecls.h:619:8: error: expected '=', ',', ';', 'asm' or '__attribute__' before 'Status'
U:/USR/include/tkIntXlibDecls.h:623:8: error: expected '=', ',', ';', 'asm' or '__attribute__' before 'GC'
U:/USR/include/tkIntXlibDecls.h:626:8: error: expected '=', ',', ';', 'asm' or '__attribute__' before 'void'
U:/USR/include/tkIntXlibDecls.h:628:8: error: expected '=', ',', ';', 'asm' or '__attribute__' before 'Atom'
U:/USR/include/tkIntXlibDecls.h:631:8: error: expected '=', ',', ';', 'asm' or '__attribute__' before 'void'
U:/USR/include/tkIntXlibDecls.h:634:8: error: expected '=', ',', ';', 'asm' or '__attribute__' before 'void'
U:/USR/include/tkIntXlibDecls.h:637:8: error: expected '=', ',', ';', 'asm' or '__attribute__' before 'void'
U:/USR/include/tkIntXlibDecls.h:640:8: error: expected '=', ',', ';', 'asm' or '__attribute__' before 'void'
U:/USR/include/tkIntXlibDecls.h:643:8: error: expected '=', ',', ';', 'asm' or '__attribute__' before 'void'
U:/USR/include/tkIntXlibDecls.h:646:8: error: expected '=', ',', ';', 'asm' or '__attribute__' before 'void'
U:/USR/include/tkIntXlibDecls.h:649:8: error: expected '=', ',', ';', 'asm' or '__attribute__' before 'void'
U:/USR/include/tkIntXlibDecls.h:652:8: error: expected '=', ',', ';', 'asm' or '__attribute__' before 'void'
U:/USR/include/tkIntXlibDecls.h:655:8: error: expected '=', ',', ';', 'asm' or '__attribute__' before 'void'
U:/USR/include/tkIntXlibDecls.h:658:8: error: expected '=', ',', ';', 'asm' or '__attribute__' before 'void'
U:/USR/include/tkIntXlibDecls.h:661:8: error: expected '=', ',', ';', 'asm' or '__attribute__' before 'void'
U:/USR/include/tkIntXlibDecls.h:664:8: error: expected '=', ',', ';', 'asm' or '__attribute__' before 'void'
U:/USR/include/tkIntXlibDecls.h:667:8: error: expected '=', ',', ';', 'asm' or '__attribute__' before 'void'
U:/USR/include/tkIntXlibDecls.h:672:8: error: expected '=', ',', ';', 'asm' or '__attribute__' before 'int'
U:/USR/include/tkIntXlibDecls.h:674:8: error: expected '=', ',', ';', 'asm' or '__attribute__' before 'XIC'
U:/USR/include/tkIntXlibDecls.h:676:8: error: expected '=', ',', ';', 'asm' or '__attribute__' before 'XVisualInfo'
U:/USR/include/tkIntXlibDecls.h:680:8: error: expected '=', ',', ';', 'asm' or '__attribute__' before 'void'
U:/USR/include/tkIntXlibDecls.h:683:8: error: expected '=', ',', ';', 'asm' or '__attribute__' before 'Status'
U:/USR/include/tkIntXlibDecls.h:686:8: error: expected '=', ',', ';', 'asm' or '__attribute__' before 'void'
U:/USR/include/tkIntXlibDecls.h:689:8: error: expected '=', ',', ';', 'asm' or '__attribute__' before 'void'
U:/USR/include/tkIntXlibDecls.h:693:8: error: expected '=', ',', ';', 'asm' or '__attribute__' before 'void'
In file included from U:/USR/include/X11/Xlib.h:1198:0,
                 from conftest.c:22:
U:/USR/include/tkIntXlibDecls.h:1098:24: error: expected ':', ',', ';', '}' or '__attribute__' before '_ANSI_ARGS_'
conftest.c: In function 'main':
conftest.c:26:1: warning: implicit declaration of function 'XrmInitialize'
configure.:21232: $? = 1
configure.: failed program was:
| /* confdefs.h.  */
| #define PACKAGE_NAME "giflib"
| #define PACKAGE_TARNAME "giflib"
| #define PACKAGE_VERSION "4.1.6"
| #define PACKAGE_STRING "giflib 4.1.6"
| #define PACKAGE_BUGREPORT "abadger1999@sourceforge.net"
| #define PACKAGE "giflib"
| #define VERSION "4.1.6"
| #define STDC_HEADERS 1
| #define HAVE_SYS_TYPES_H 1
| #define HAVE_SYS_STAT_H 1
| #define HAVE_STDLIB_H 1
| #define HAVE_STRING_H 1
| #define HAVE_MEMORY_H 1
| #define HAVE_STRINGS_H 1
| #define HAVE_INTTYPES_H 1
| #define HAVE_STDINT_H 1
| #define HAVE_UNISTD_H 1
| #define HAVE_DLFCN_H 1
| #define HAVE_GL_GL_H 1
| /* end confdefs.h.  */
| #include <X11/Xlib.h>
| int
| main ()
| {
| XrmInitialize ()
|   ;
|   return 0;
| }
configure.:21280: result: no
configure.:22386: checking X11/Xlib.h usability
configure.:22403: gcc -c -D__EMX__ -DOS2  -D__ST_MT_ERRNO__ -g -Wall  conftest.c >&5
In file included from U:/USR/include/X11/Xlib.h:1198:0,
                 from conftest.c:56:
U:/USR/include/tkIntXlibDecls.h:371:8: error: expected '=', ',', ';', 'asm' or '__attribute__' before 'void'
U:/USR/include/tkIntXlibDecls.h:375:8: error: expected '=', ',', ';', 'asm' or '__attribute__' before 'XModifierKeymap'
U:/USR/include/tkIntXlibDecls.h:377:8: error: expected '=', ',', ';', 'asm' or '__attribute__' before 'XImage'
U:/USR/include/tkIntXlibDecls.h:382:8: error: expected '=', ',', ';', 'asm' or '__attribute__' before 'XImage'
U:/USR/include/tkIntXlibDecls.h:386:8: error: expected '=', ',', ';', 'asm' or '__attribute__' before 'char'
U:/USR/include/tkIntXlibDecls.h:388:8: error: expected '=', ',', ';', 'asm' or '__attribute__' before 'char'
U:/USR/include/tkIntXlibDecls.h:390:8: error: expected '=', ',', ';', 'asm' or '__attribute__' before 'Colormap'
U:/USR/include/tkIntXlibDecls.h:393:8: error: expected '=', ',', ';', 'asm' or '__attribute__' before 'Cursor'
U:/USR/include/tkIntXlibDecls.h:397:8: error: expected '=', ',', ';', 'asm' or '__attribute__' before 'Cursor'
U:/USR/include/tkIntXlibDecls.h:401:8: error: expected '=', ',', ';', 'asm' or '__attribute__' before 'GContext'
U:/USR/include/tkIntXlibDecls.h:403:8: error: expected '=', ',', ';', 'asm' or '__attribute__' before 'XHostAddress'
U:/USR/include/tkIntXlibDecls.h:405:8: error: expected '=', ',', ';', 'asm' or '__attribute__' before 'KeySym'
U:/USR/include/tkIntXlibDecls.h:408:8: error: expected '=', ',', ';', 'asm' or '__attribute__' before 'KeySym'
U:/USR/include/tkIntXlibDecls.h:410:8: error: expected '=', ',', ';', 'asm' or '__attribute__' before 'Window'
U:/USR/include/tkIntXlibDecls.h:412:8: error: expected '=', ',', ';', 'asm' or '__attribute__' before 'XErrorHandler'
U:/USR/include/tkIntXlibDecls.h:414:8: error: expected '=', ',', ';', 'asm' or '__attribute__' before 'Status'
U:/USR/include/tkIntXlibDecls.h:417:8: error: expected '=', ',', ';', 'asm' or '__attribute__' before 'Status'
U:/USR/include/tkIntXlibDecls.h:420:8: error: expected '=', ',', ';', 'asm' or '__attribute__' before 'Status'
U:/USR/include/tkIntXlibDecls.h:423:8: error: expected '=', ',', ';', 'asm' or '__attribute__' before 'Status'
U:/USR/include/tkIntXlibDecls.h:426:8: error: expected '=', ',', ';', 'asm' or '__attribute__' before 'void'
U:/USR/include/tkIntXlibDecls.h:428:8: error: expected '=', ',', ';', 'asm' or '__attribute__' before 'void'
U:/USR/include/tkIntXlibDecls.h:432:8: error: expected '=', ',', ';', 'asm' or '__attribute__' before 'void'
U:/USR/include/tkIntXlibDecls.h:436:8: error: expected '=', ',', ';', 'asm' or '__attribute__' before 'void'
U:/USR/include/tkIntXlibDecls.h:438:8: error: expected '=', ',', ';', 'asm' or '__attribute__' before 'void'
U:/USR/include/tkIntXlibDecls.h:441:8: error: expected '=', ',', ';', 'asm' or '__attribute__' before 'void'
U:/USR/include/tkIntXlibDecls.h:446:8: error: expected '=', ',', ';', 'asm' or '__attribute__' before 'void'
U:/USR/include/tkIntXlibDecls.h:451:8: error: expected '=', ',', ';', 'asm' or '__attribute__' before 'Pixmap'
U:/USR/include/tkIntXlibDecls.h:455:8: error: expected '=', ',', ';', 'asm' or '__attribute__' before 'void'
U:/USR/include/tkIntXlibDecls.h:458:8: error: expected '=', ',', ';', 'asm' or '__attribute__' before 'void'
U:/USR/include/tkIntXlibDecls.h:461:8: error: expected '=', ',', ';', 'asm' or '__attribute__' before 'void'
U:/USR/include/tkIntXlibDecls.h:463:8: error: expected '=', ',', ';', 'asm' or '__attribute__' before 'void'
U:/USR/include/tkIntXlibDecls.h:467:8: error: expected '=', ',', ';', 'asm' or '__attribute__' before 'void'
U:/USR/include/tkIntXlibDecls.h:470:8: error: expected '=', ',', ';', 'asm' or '__attribute__' before 'void'
U:/USR/include/tkIntXlibDecls.h:474:8: error: expected '=', ',', ';', 'asm' or '__attribute__' before 'void'
U:/USR/include/tkIntXlibDecls.h:478:8: error: expected '=', ',', ';', 'asm' or '__attribute__' before 'void'
U:/USR/include/tkIntXlibDecls.h:481:8: error: expected '=', ',', ';', 'asm' or '__attribute__' before 'void'
U:/USR/include/tkIntXlibDecls.h:484:8: error: expected '=', ',', ';', 'asm' or '__attribute__' before 'void'
U:/USR/include/tkIntXlibDecls.h:486:8: error: expected '=', ',', ';', 'asm' or '__attribute__' before 'void'
U:/USR/include/tkIntXlibDecls.h:488:8: error: expected '=', ',', ';', 'asm' or '__attribute__' before 'void'
U:/USR/include/tkIntXlibDecls.h:491:8: error: expected '=', ',', ';', 'asm' or '__attribute__' before 'void'
U:/USR/include/tkIntXlibDecls.h:493:8: error: expected '=', ',', ';', 'asm' or '__attribute__' before 'void'
U:/USR/include/tkIntXlibDecls.h:495:8: error: expected '=', ',', ';', 'asm' or '__attribute__' before 'Status'
U:/USR/include/tkIntXlibDecls.h:500:8: error: expected '=', ',', ';', 'asm' or '__attribute__' before 'void'
U:/USR/include/tkIntXlibDecls.h:503:8: error: expected '=', ',', ';', 'asm' or '__attribute__' before 'int'
U:/USR/include/tkIntXlibDecls.h:508:8: error: expected '=', ',', ';', 'asm' or '__attribute__' before 'Status'
U:/USR/include/tkIntXlibDecls.h:511:8: error: expected '=', ',', ';', 'asm' or '__attribute__' before 'int'
U:/USR/include/tkIntXlibDecls.h:514:8: error: expected '=', ',', ';', 'asm' or '__attribute__' before 'int'
U:/USR/include/tkIntXlibDecls.h:518:8: error: expected '=', ',', ';', 'asm' or '__attribute__' before 'KeyCode'
U:/USR/include/tkIntXlibDecls.h:520:8: error: expected '=', ',', ';', 'asm' or '__attribute__' before 'Status'
U:/USR/include/tkIntXlibDecls.h:523:8: error: expected '=', ',', ';', 'asm' or '__attribute__' before 'void'
U:/USR/include/tkIntXlibDecls.h:525:8: error: expected '=', ',', ';', 'asm' or '__attribute__' before 'void'
U:/USR/include/tkIntXlibDecls.h:529:8: error: expected '=', ',', ';', 'asm' or '__attribute__' before 'void'
U:/USR/include/tkIntXlibDecls.h:532:8: error: expected '=', ',', ';', 'asm' or '__attribute__' before 'void'
U:/USR/include/tkIntXlibDecls.h:534:8: error: expected '=', ',', ';', 'asm' or '__attribute__' before 'void'
U:/USR/include/tkIntXlibDecls.h:536:8: error: expected '=', ',', ';', 'asm' or '__attribute__' before 'void'
U:/USR/include/tkIntXlibDecls.h:539:8: error: expected '=', ',', ';', 'asm' or '__attribute__' before 'int'
U:/USR/include/tkIntXlibDecls.h:543:8: error: expected '=', ',', ';', 'asm' or '__attribute__' before 'Status'
U:/USR/include/tkIntXlibDecls.h:547:8: error: expected '=', ',', ';', 'asm' or '__attribute__' before 'void'
U:/USR/include/tkIntXlibDecls.h:549:8: error: expected '=', ',', ';', 'asm' or '__attribute__' before 'void'
U:/USR/include/tkIntXlibDecls.h:552:8: error: expected '=', ',', ';', 'asm' or '__attribute__' before 'void'
U:/USR/include/tkIntXlibDecls.h:555:8: error: expected '=', ',', ';', 'asm' or '__attribute__' before 'void'
U:/USR/include/tkIntXlibDecls.h:558:8: error: expected '=', ',', ';', 'asm' or '__attribute__' before 'Status'
U:/USR/include/tkIntXlibDecls.h:561:8: error: expected '=', ',', ';', 'asm' or '__attribute__' before 'void'
U:/USR/include/tkIntXlibDecls.h:564:8: error: expected '=', ',', ';', 'asm' or '__attribute__' before 'void'
U:/USR/include/tkIntXlibDecls.h:567:8: error: expected '=', ',', ';', 'asm' or '__attribute__' before 'void'
U:/USR/include/tkIntXlibDecls.h:570:8: error: expected '=', ',', ';', 'asm' or '__attribute__' before 'void'
U:/USR/include/tkIntXlibDecls.h:573:8: error: expected '=', ',', ';', 'asm' or '__attribute__' before 'void'
U:/USR/include/tkIntXlibDecls.h:576:8: error: expected '=', ',', ';', 'asm' or '__attribute__' before 'void'
U:/USR/include/tkIntXlibDecls.h:579:8: error: expected '=', ',', ';', 'asm' or '__attribute__' before 'void'
U:/USR/include/tkIntXlibDecls.h:582:8: error: expected '=', ',', ';', 'asm' or '__attribute__' before 'void'
U:/USR/include/tkIntXlibDecls.h:585:8: error: expected '=', ',', ';', 'asm' or '__attribute__' before 'void'
U:/USR/include/tkIntXlibDecls.h:588:8: error: expected '=', ',', ';', 'asm' or '__attribute__' before 'void'
U:/USR/include/tkIntXlibDecls.h:591:8: error: expected '=', ',', ';', 'asm' or '__attribute__' before 'int'
U:/USR/include/tkIntXlibDecls.h:595:8: error: expected '=', ',', ';', 'asm' or '__attribute__' before 'void'
U:/USR/include/tkIntXlibDecls.h:597:8: error: expected '=', ',', ';', 'asm' or '__attribute__' before 'void'
U:/USR/include/tkIntXlibDecls.h:599:8: error: expected '=', ',', ';', 'asm' or '__attribute__' before 'void'
U:/USR/include/tkIntXlibDecls.h:601:8: error: expected '=', ',', ';', 'asm' or '__attribute__' before 'void'
U:/USR/include/tkIntXlibDecls.h:604:8: error: expected '=', ',', ';', 'asm' or '__attribute__' before 'void'
U:/USR/include/tkIntXlibDecls.h:606:8: error: expected '=', ',', ';', 'asm' or '__attribute__' before 'int'
U:/USR/include/tkIntXlibDecls.h:608:8: error: expected '=', ',', ';', 'asm' or '__attribute__' before 'int'
U:/USR/include/tkIntXlibDecls.h:612:8: error: expected '=', ',', ';', 'asm' or '__attribute__' before 'void'
U:/USR/include/tkIntXlibDecls.h:619:8: error: expected '=', ',', ';', 'asm' or '__attribute__' before 'Status'
U:/USR/include/tkIntXlibDecls.h:623:8: error: expected '=', ',', ';', 'asm' or '__attribute__' before 'GC'
U:/USR/include/tkIntXlibDecls.h:626:8: error: expected '=', ',', ';', 'asm' or '__attribute__' before 'void'
U:/USR/include/tkIntXlibDecls.h:628:8: error: expected '=', ',', ';', 'asm' or '__attribute__' before 'Atom'
U:/USR/include/tkIntXlibDecls.h:631:8: error: expected '=', ',', ';', 'asm' or '__attribute__' before 'void'
U:/USR/include/tkIntXlibDecls.h:634:8: error: expected '=', ',', ';', 'asm' or '__attribute__' before 'void'
U:/USR/include/tkIntXlibDecls.h:637:8: error: expected '=', ',', ';', 'asm' or '__attribute__' before 'void'
U:/USR/include/tkIntXlibDecls.h:640:8: error: expected '=', ',', ';', 'asm' or '__attribute__' before 'void'
U:/USR/include/tkIntXlibDecls.h:643:8: error: expected '=', ',', ';', 'asm' or '__attribute__' before 'void'
U:/USR/include/tkIntXlibDecls.h:646:8: error: expected '=', ',', ';', 'asm' or '__attribute__' before 'void'
U:/USR/include/tkIntXlibDecls.h:649:8: error: expected '=', ',', ';', 'asm' or '__attribute__' before 'void'
U:/USR/include/tkIntXlibDecls.h:652:8: error: expected '=', ',', ';', 'asm' or '__attribute__' before 'void'
U:/USR/include/tkIntXlibDecls.h:655:8: error: expected '=', ',', ';', 'asm' or '__attribute__' before 'void'
U:/USR/include/tkIntXlibDecls.h:658:8: error: expected '=', ',', ';', 'asm' or '__attribute__' before 'void'
U:/USR/include/tkIntXlibDecls.h:661:8: error: expected '=', ',', ';', 'asm' or '__attribute__' before 'void'
U:/USR/include/tkIntXlibDecls.h:664:8: error: expected '=', ',', ';', 'asm' or '__attribute__' before 'void'
U:/USR/include/tkIntXlibDecls.h:667:8: error: expected '=', ',', ';', 'asm' or '__attribute__' before 'void'
U:/USR/include/tkIntXlibDecls.h:672:8: error: expected '=', ',', ';', 'asm' or '__attribute__' before 'int'
U:/USR/include/tkIntXlibDecls.h:674:8: error: expected '=', ',', ';', 'asm' or '__attribute__' before 'XIC'
U:/USR/include/tkIntXlibDecls.h:676:8: error: expected '=', ',', ';', 'asm' or '__attribute__' before 'XVisualInfo'
U:/USR/include/tkIntXlibDecls.h:680:8: error: expected '=', ',', ';', 'asm' or '__attribute__' before 'void'
U:/USR/include/tkIntXlibDecls.h:683:8: error: expected '=', ',', ';', 'asm' or '__attribute__' before 'Status'
U:/USR/include/tkIntXlibDecls.h:686:8: error: expected '=', ',', ';', 'asm' or '__attribute__' before 'void'
U:/USR/include/tkIntXlibDecls.h:689:8: error: expected '=', ',', ';', 'asm' or '__attribute__' before 'void'
U:/USR/include/tkIntXlibDecls.h:693:8: error: expected '=', ',', ';', 'asm' or '__attribute__' before 'void'
In file included from U:/USR/include/X11/Xlib.h:1198:0,
                 from conftest.c:56:
U:/USR/include/tkIntXlibDecls.h:1098:24: error: expected ':', ',', ';', '}' or '__attribute__' before '_ANSI_ARGS_'
configure.:22409: $? = 1
configure.: failed program was:
| /* confdefs.h.  */
| #define PACKAGE_NAME "giflib"
| #define PACKAGE_TARNAME "giflib"
| #define PACKAGE_VERSION "4.1.6"
| #define PACKAGE_STRING "giflib 4.1.6"
| #define PACKAGE_BUGREPORT "abadger1999@sourceforge.net"
| #define PACKAGE "giflib"
| #define VERSION "4.1.6"
| #define STDC_HEADERS 1
| #define HAVE_SYS_TYPES_H 1
| #define HAVE_SYS_STAT_H 1
| #define HAVE_STDLIB_H 1
| #define HAVE_STRING_H 1
| #define HAVE_MEMORY_H 1
| #define HAVE_STRINGS_H 1
| #define HAVE_INTTYPES_H 1
| #define HAVE_STDINT_H 1
| #define HAVE_UNISTD_H 1
| #define HAVE_DLFCN_H 1
| #define HAVE_GL_GL_H 1
| #define X_DISPLAY_MISSING 1
| /* end confdefs.h.  */
| #include <stdio.h>
| #ifdef HAVE_SYS_TYPES_H
| # include <sys/types.h>
| #endif
| #ifdef HAVE_SYS_STAT_H
| # include <sys/stat.h>
| #endif
| #ifdef STDC_HEADERS
| # include <stdlib.h>
| # include <stddef.h>
| #else
| # ifdef HAVE_STDLIB_H
| #  include <stdlib.h>
| # endif
| #endif
| #ifdef HAVE_STRING_H
| # if !defined STDC_HEADERS && defined HAVE_MEMORY_H
| #  include <memory.h>
| # endif
| # include <string.h>
| #endif
| #ifdef HAVE_STRINGS_H
| # include <strings.h>
| #endif
| #ifdef HAVE_INTTYPES_H
| # include <inttypes.h>
| #endif
| #ifdef HAVE_STDINT_H
| # include <stdint.h>
| #endif
| #ifdef HAVE_UNISTD_H
| # include <unistd.h>
| #endif
| #include <X11/Xlib.h>
configure.:22423: result: no
configure.:22427: checking X11/Xlib.h presence
configure.:22442: gcc -E  conftest.c
configure.:22448: $? = 0
configure.:22462: result: yes
configure.:22475: WARNING: X11/Xlib.h: present but cannot be compiled
configure.:22477: WARNING: X11/Xlib.h:     check for missing prerequisite headers?
configure.:22479: WARNING: X11/Xlib.h: see the Autoconf documentation
configure.:22481: WARNING: X11/Xlib.h:     section "Present But Cannot Be Compiled"
configure.:22483: WARNING: X11/Xlib.h: proceeding with the preprocessor's result
configure.:22485: WARNING: X11/Xlib.h: in the future, the compiler will take precedence
configure.:22495: checking for X11/Xlib.h
configure.:22503: result: yes
configure.:22511: checking for main in -lX11
configure.:22540: gcc -o conftest.exe -D__EMX__ -DOS2  -D__ST_MT_ERRNO__ -g -Wall  -Zexe -Zomf -Zmap -Zargs-wild -D__ST_MT_ERRNO__ conftest.c -lX11   >&5
weakld: cannot open library file 'u:\dev\qt4\lib\X11_s.a'.
emxomfld: weak prelinker failed. (rc=8)
configure.:22546: $? = 1
configure.: failed program was:
| /* confdefs.h.  */
| #define PACKAGE_NAME "giflib"
| #define PACKAGE_TARNAME "giflib"
| #define PACKAGE_VERSION "4.1.6"
| #define PACKAGE_STRING "giflib 4.1.6"
| #define PACKAGE_BUGREPORT "abadger1999@sourceforge.net"
| #define PACKAGE "giflib"
| #define VERSION "4.1.6"
| #define STDC_HEADERS 1
| #define HAVE_SYS_TYPES_H 1
| #define HAVE_SYS_STAT_H 1
| #define HAVE_STDLIB_H 1
| #define HAVE_STRING_H 1
| #define HAVE_MEMORY_H 1
| #define HAVE_STRINGS_H 1
| #define HAVE_INTTYPES_H 1
| #define HAVE_STDINT_H 1
| #define HAVE_UNISTD_H 1
| #define HAVE_DLFCN_H 1
| #define HAVE_GL_GL_H 1
| #define X_DISPLAY_MISSING 1
| #define HAVE_X11_XLIB_H 1
| /* end confdefs.h.  */
| 
| 
| int
| main ()
| {
| return main ();
|   ;
|   return 0;
| }
configure.:22564: result: no
configure.:22386: checking X11/Xutil.h usability
configure.:22403: gcc -c -D__EMX__ -DOS2  -D__ST_MT_ERRNO__ -g -Wall  conftest.c >&5
In file included from conftest.c:57:0:
U:/USR/include/X11/Xutil.h:93:2: error: expected specifier-qualifier-list before 'Bool'
U:/USR/include/X11/Xutil.h:136:5: error: expected specifier-qualifier-list before 'Atom'
U:/USR/include/X11/Xutil.h:182:5: error: expected specifier-qualifier-list before 'XPointer'
U:/USR/include/X11/Xutil.h:226:3: error: expected specifier-qualifier-list before 'Visual'
U:/USR/include/X11/Xutil.h:259:2: error: expected specifier-qualifier-list before 'Colormap'
U:/USR/include/X11/Xutil.h:304:1: error: expected '=', ',', ';', 'asm' or '__attribute__' before 'extern'
U:/USR/include/X11/Xutil.h:389:15: error: expected '=', ',', ';', 'asm' or '__attribute__' before 'XGetClassHint'
U:/USR/include/X11/Xutil.h:397:15: error: expected '=', ',', ';', 'asm' or '__attribute__' before 'XGetIconSizes'
U:/USR/include/X11/Xutil.h:406:15: error: expected '=', ',', ';', 'asm' or '__attribute__' before 'XGetNormalHints'
U:/USR/include/X11/Xutil.h:414:15: error: expected '=', ',', ';', 'asm' or '__attribute__' before 'XGetRGBColormaps'
U:/USR/include/X11/Xutil.h:424:15: error: expected '=', ',', ';', 'asm' or '__attribute__' before 'XGetSizeHints'
U:/USR/include/X11/Xutil.h:433:15: error: expected '=', ',', ';', 'asm' or '__attribute__' before 'XGetStandardColormap'
U:/USR/include/X11/Xutil.h:442:15: error: expected '=', ',', ';', 'asm' or '__attribute__' before 'XGetTextProperty'
U:/USR/include/X11/Xutil.h:452:15: error: expected '=', ',', ';', 'asm' or '__attribute__' before 'XGetWMClientMachine'
U:/USR/include/X11/Xutil.h:467:15: error: expected '=', ',', ';', 'asm' or '__attribute__' before 'XGetWMIconName'
U:/USR/include/X11/Xutil.h:475:15: error: expected '=', ',', ';', 'asm' or '__attribute__' before 'XGetWMName'
U:/USR/include/X11/Xutil.h:483:15: error: expected '=', ',', ';', 'asm' or '__attribute__' before 'XGetWMNormalHints'
U:/USR/include/X11/Xutil.h:492:15: error: expected '=', ',', ';', 'asm' or '__attribute__' before 'XGetWMSizeHints'
U:/USR/include/X11/Xutil.h:502:15: error: expected '=', ',', ';', 'asm' or '__attribute__' before 'XGetZoomHints'
U:/USR/include/X11/Xutil.h:528:15: error: expected '=', ',', ';', 'asm' or '__attribute__' before 'XMatchVisualInfo'
U:/USR/include/X11/Xutil.h:546:13: error: expected '=', ',', ';', 'asm' or '__attribute__' before 'XPointInRegion'
U:/USR/include/X11/Xutil.h:783:15: error: expected '=', ',', ';', 'asm' or '__attribute__' before 'XTextPropertyToStringList'
conftest.c:58:0: error: expected '=', ',', ';', 'asm' or '__attribute__' at end of input
configure.:22409: $? = 1
configure.: failed program was:
| /* confdefs.h.  */
| #define PACKAGE_NAME "giflib"
| #define PACKAGE_TARNAME "giflib"
| #define PACKAGE_VERSION "4.1.6"
| #define PACKAGE_STRING "giflib 4.1.6"
| #define PACKAGE_BUGREPORT "abadger1999@sourceforge.net"
| #define PACKAGE "giflib"
| #define VERSION "4.1.6"
| #define STDC_HEADERS 1
| #define HAVE_SYS_TYPES_H 1
| #define HAVE_SYS_STAT_H 1
| #define HAVE_STDLIB_H 1
| #define HAVE_STRING_H 1
| #define HAVE_MEMORY_H 1
| #define HAVE_STRINGS_H 1
| #define HAVE_INTTYPES_H 1
| #define HAVE_STDINT_H 1
| #define HAVE_UNISTD_H 1
| #define HAVE_DLFCN_H 1
| #define HAVE_GL_GL_H 1
| #define X_DISPLAY_MISSING 1
| #define HAVE_X11_XLIB_H 1
| /* end confdefs.h.  */
| #include <stdio.h>
| #ifdef HAVE_SYS_TYPES_H
| # include <sys/types.h>
| #endif
| #ifdef HAVE_SYS_STAT_H
| # include <sys/stat.h>
| #endif
| #ifdef STDC_HEADERS
| # include <stdlib.h>
| # include <stddef.h>
| #else
| # ifdef HAVE_STDLIB_H
| #  include <stdlib.h>
| # endif
| #endif
| #ifdef HAVE_STRING_H
| # if !defined STDC_HEADERS && defined HAVE_MEMORY_H
| #  include <memory.h>
| # endif
| # include <string.h>
| #endif
| #ifdef HAVE_STRINGS_H
| # include <strings.h>
| #endif
| #ifdef HAVE_INTTYPES_H
| # include <inttypes.h>
| #endif
| #ifdef HAVE_STDINT_H
| # include <stdint.h>
| #endif
| #ifdef HAVE_UNISTD_H
| # include <unistd.h>
| #endif
| #include <X11/Xutil.h>
configure.:22423: result: no
configure.:22427: checking X11/Xutil.h presence
configure.:22442: gcc -E  conftest.c
configure.:22448: $? = 0
configure.:22462: result: yes
configure.:22475: WARNING: X11/Xutil.h: present but cannot be compiled
configure.:22477: WARNING: X11/Xutil.h:     check for missing prerequisite headers?
configure.:22479: WARNING: X11/Xutil.h: see the Autoconf documentation
configure.:22481: WARNING: X11/Xutil.h:     section "Present But Cannot Be Compiled"
configure.:22483: WARNING: X11/Xutil.h: proceeding with the preprocessor's result
configure.:22485: WARNING: X11/Xutil.h: in the future, the compiler will take precedence
configure.:22495: checking for X11/Xutil.h
configure.:22503: result: yes
configure.:22511: checking for main in -lX11
configure.:22564: result: no
configure.:22591: checking for ANSI C header files
configure.:22755: result: yes
configure.:22781: checking stdarg.h usability
configure.:22798: gcc -c -D__EMX__ -DOS2  -D__ST_MT_ERRNO__ -g -Wall  conftest.c >&5
configure.:22804: $? = 0
configure.:22818: result: yes
configure.:22822: checking stdarg.h presence
configure.:22837: gcc -E  conftest.c
configure.:22843: $? = 0
configure.:22857: result: yes
configure.:22890: checking for stdarg.h
configure.:22898: result: yes
configure.:22931: checking fcntl.h usability
configure.:22948: gcc -c -D__EMX__ -DOS2  -D__ST_MT_ERRNO__ -g -Wall  conftest.c >&5
configure.:22954: $? = 0
configure.:22968: result: yes
configure.:22972: checking fcntl.h presence
configure.:22987: gcc -E  conftest.c
configure.:22993: $? = 0
configure.:23007: result: yes
configure.:23040: checking for fcntl.h
configure.:23048: result: yes
configure.:23067: checking for u_int32_t
configure.:23097: gcc -c -D__EMX__ -DOS2  -D__ST_MT_ERRNO__ -g -Wall  conftest.c >&5
configure.:23103: $? = 0
configure.:23118: result: yes
configure.:24038: checking for an ANSI C-conforming const
configure.:24113: gcc -c -D__EMX__ -DOS2  -D__ST_MT_ERRNO__ -g -Wall  conftest.c >&5
conftest.c: In function 'main':
conftest.c:59:10: warning: 't' is used uninitialized in this function
conftest.c:75:23: warning: 'b' may be used uninitialized in this function
configure.:24119: $? = 0
configure.:24134: result: yes
configure.:24145: checking for working memcmp
configure.:24198: gcc -o conftest.exe -D__EMX__ -DOS2  -D__ST_MT_ERRNO__ -g -Wall  -Zexe -Zomf -Zmap -Zargs-wild -D__ST_MT_ERRNO__ conftest.c  >&5
configure.:24201: $? = 0
configure.:24207: ./conftest.exe
configure.:24210: $? = 0
configure.:24226: result: yes
configure.:24235: checking for function prototypes
configure.:24238: result: yes
configure.:24255: checking whether setvbuf arguments are reversed
configure.:24285: gcc -o conftest.exe -D__EMX__ -DOS2  -D__ST_MT_ERRNO__ -g -Wall  -Zexe -Zomf -Zmap -Zargs-wild -D__ST_MT_ERRNO__ conftest.c  >&5
conftest.c:34:10: error: conflicting types for 'setvbuf'
U:/USR/include/stdio.h:304:6: note: previous declaration of 'setvbuf' was here
configure.:24291: $? = 1
configure.: failed program was:
| /* confdefs.h.  */
| #define PACKAGE_NAME "giflib"
| #define PACKAGE_TARNAME "giflib"
| #define PACKAGE_VERSION "4.1.6"
| #define PACKAGE_STRING "giflib 4.1.6"
| #define PACKAGE_BUGREPORT "abadger1999@sourceforge.net"
| #define PACKAGE "giflib"
| #define VERSION "4.1.6"
| #define STDC_HEADERS 1
| #define HAVE_SYS_TYPES_H 1
| #define HAVE_SYS_STAT_H 1
| #define HAVE_STDLIB_H 1
| #define HAVE_STRING_H 1
| #define HAVE_MEMORY_H 1
| #define HAVE_STRINGS_H 1
| #define HAVE_INTTYPES_H 1
| #define HAVE_STDINT_H 1
| #define HAVE_UNISTD_H 1
| #define HAVE_DLFCN_H 1
| #define HAVE_GL_GL_H 1
| #define X_DISPLAY_MISSING 1
| #define HAVE_X11_XLIB_H 1
| #define HAVE_X11_XUTIL_H 1
| #define STDC_HEADERS 1
| #define HAVE_STDARG_H 1
| #define HAVE_FCNTL_H 1
| #define HAVE_U_INT32_T 1
| #define UINT32 u_int32_t
| #define PROTOTYPES 1
| #define __PROTOTYPES 1
| /* end confdefs.h.  */
| #include <stdio.h>
| #	  ifdef PROTOTYPES
| 	   int (setvbuf) (FILE *, int, char *, size_t);
| #	  endif
| int
| main ()
| {
| char buf; return setvbuf (stdout, _IOLBF, &buf, 1);
|   ;
|   return 0;
| }
configure.:24412: result: no
configure.:24426: checking for vprintf
configure.:24482: gcc -o conftest.exe -D__EMX__ -DOS2  -D__ST_MT_ERRNO__ -g -Wall  -Zexe -Zomf -Zmap -Zargs-wild -D__ST_MT_ERRNO__ conftest.c  >&5
conftest.c:55:6: warning: conflicting types for built-in function 'vprintf'
configure.:24488: $? = 0
configure.:24506: result: yes
configure.:24513: checking for _doprnt
configure.:24569: gcc -o conftest.exe -D__EMX__ -DOS2  -D__ST_MT_ERRNO__ -g -Wall  -Zexe -Zomf -Zmap -Zargs-wild -D__ST_MT_ERRNO__ conftest.c  >&5
Error! E2028: __doprnt is an undefined reference
file U:\tmp\ccXIvu0Z.o(conftest.c): undefined symbol __doprnt
weakld: error: Unresolved symbol (UNDEF) '__doprnt'.
weakld: info: The symbol is referenced by:
    U:\tmp\ccXIvu0Z.o
Ignoring unresolved externals reported from weak prelinker.
configure.:24575: $? = 1
configure.: failed program was:
| /* confdefs.h.  */
| #define PACKAGE_NAME "giflib"
| #define PACKAGE_TARNAME "giflib"
| #define PACKAGE_VERSION "4.1.6"
| #define PACKAGE_STRING "giflib 4.1.6"
| #define PACKAGE_BUGREPORT "abadger1999@sourceforge.net"
| #define PACKAGE "giflib"
| #define VERSION "4.1.6"
| #define STDC_HEADERS 1
| #define HAVE_SYS_TYPES_H 1
| #define HAVE_SYS_STAT_H 1
| #define HAVE_STDLIB_H 1
| #define HAVE_STRING_H 1
| #define HAVE_MEMORY_H 1
| #define HAVE_STRINGS_H 1
| #define HAVE_INTTYPES_H 1
| #define HAVE_STDINT_H 1
| #define HAVE_UNISTD_H 1
| #define HAVE_DLFCN_H 1
| #define HAVE_GL_GL_H 1
| #define X_DISPLAY_MISSING 1
| #define HAVE_X11_XLIB_H 1
| #define HAVE_X11_XUTIL_H 1
| #define STDC_HEADERS 1
| #define HAVE_STDARG_H 1
| #define HAVE_FCNTL_H 1
| #define HAVE_U_INT32_T 1
| #define UINT32 u_int32_t
| #define PROTOTYPES 1
| #define __PROTOTYPES 1
| #define HAVE_VPRINTF 1
| /* end confdefs.h.  */
| /* Define _doprnt to an innocuous variant, in case <limits.h> declares _doprnt.
|    For example, HP-UX 11i <limits.h> declares gettimeofday.  */
| #define _doprnt innocuous__doprnt
| 
| /* System header to define __stub macros and hopefully few prototypes,
|     which can conflict with char _doprnt (); below.
|     Prefer <limits.h> to <assert.h> if __STDC__ is defined, since
|     <limits.h> exists even on freestanding compilers.  */
| 
| #ifdef __STDC__
| # include <limits.h>
| #else
| # include <assert.h>
| #endif
| 
| #undef _doprnt
| 
| /* Override any GCC internal prototype to avoid an error.
|    Use char because int might match the return type of a GCC
|    builtin and then its argument prototype would still apply.  */
| #ifdef __cplusplus
| extern "C"
| #endif
| char _doprnt ();
| /* The GNU C library defines this for functions which it implements
|     to always fail with ENOSYS.  Some functions are actually named
|     something starting with __ and the normal name is an alias.  */
| #if defined __stub__doprnt || defined __stub____doprnt
| choke me
| #endif
| 
| int
| main ()
| {
| return _doprnt ();
|   ;
|   return 0;
| }
configure.:24592: result: no
configure.:24610: checking for strdup
configure.:24666: gcc -o conftest.exe -D__EMX__ -DOS2  -D__ST_MT_ERRNO__ -g -Wall  -Zexe -Zomf -Zmap -Zargs-wild -D__ST_MT_ERRNO__ conftest.c  >&5
conftest.c:56:6: warning: conflicting types for built-in function 'strdup'
configure.:24672: $? = 0
configure.:24690: result: yes
configure.:24771: not updating unwritable cache /dev/null
configure.:24831: creating ./config.status

## ---------------------- ##
## Running config.status. ##
## ---------------------- ##

This file was extended by giflib config.status 4.1.6, which was
generated by GNU Autoconf 2.61.  Invocation command line was

  CONFIG_FILES    = 
  CONFIG_HEADERS  = 
  CONFIG_LINKS    = 
  CONFIG_COMMANDS = 
  $ ./config.status 

on NEOIII

config.status:25629: creating util/Makefile
config.status:25629: creating lib/Makefile
config.status:25629: creating Makefile
config.status:25629: creating doc/Makefile
config.status:25629: creating pic/Makefile
config.status:25629: creating config.h
config.status:25910: config.h is unchanged
config.status:25956: executing depfiles commands

## ---------------- ##
## Cache variables. ##
## ---------------- ##

ac_cv_build='i386-pc-os2-emx'
ac_cv_c_compiler_gnu='yes'
ac_cv_c_const='yes'
ac_cv_cxx_compiler_gnu='yes'
ac_cv_emxos2='yes'
ac_cv_env_CCC_set=''
ac_cv_env_CCC_value=''
ac_cv_env_CC_set='set'
ac_cv_env_CC_value='gcc'
ac_cv_env_CFLAGS_set=''
ac_cv_env_CFLAGS_value=''
ac_cv_env_CPPFLAGS_set=''
ac_cv_env_CPPFLAGS_value=''
ac_cv_env_CPP_set=''
ac_cv_env_CPP_value=''
ac_cv_env_CXXCPP_set=''
ac_cv_env_CXXCPP_value=''
ac_cv_env_CXXFLAGS_set=''
ac_cv_env_CXXFLAGS_value=''
ac_cv_env_CXX_set='set'
ac_cv_env_CXX_value='g++'
ac_cv_env_F77_set=''
ac_cv_env_F77_value=''
ac_cv_env_FFLAGS_set=''
ac_cv_env_FFLAGS_value=''
ac_cv_env_LDFLAGS_set=''
ac_cv_env_LDFLAGS_value=''
ac_cv_env_LIBS_set=''
ac_cv_env_LIBS_value=''
ac_cv_env_XMKMF_set=''
ac_cv_env_XMKMF_value=''
ac_cv_env_build_alias_set=''
ac_cv_env_build_alias_value=''
ac_cv_env_host_alias_set=''
ac_cv_env_host_alias_value=''
ac_cv_env_target_alias_set=''
ac_cv_env_target_alias_value=''
ac_cv_exeext='.exe'
ac_cv_f77_compiler_gnu='yes'
ac_cv_func__doprnt='no'
ac_cv_func_memcmp_working='yes'
ac_cv_func_setvbuf_reversed='no'
ac_cv_func_strdup='yes'
ac_cv_func_vprintf='yes'
ac_cv_have_x='have_x=no'
ac_cv_header_X11_Xlib_h='yes'
ac_cv_header_X11_Xutil_h='yes'
ac_cv_header_dlfcn_h='yes'
ac_cv_header_fcntl_h='yes'
ac_cv_header_gl_gl_h='yes'
ac_cv_header_inttypes_h='yes'
ac_cv_header_memory_h='yes'
ac_cv_header_rle_h='no'
ac_cv_header_stdarg_h='yes'
ac_cv_header_stdc='yes'
ac_cv_header_stdint_h='yes'
ac_cv_header_stdlib_h='yes'
ac_cv_header_string_h='yes'
ac_cv_header_strings_h='yes'
ac_cv_header_sys_stat_h='yes'
ac_cv_header_sys_types_h='yes'
ac_cv_header_unistd_h='yes'
ac_cv_host='i386-pc-os2-emx'
ac_cv_lib_X11_main='no'
ac_cv_lib_gl_s_main='no'
ac_cv_lib_m_pow='yes'
ac_cv_libext='lib'
ac_cv_member_struct_sockaddr_in_sin_len='yes'
ac_cv_objext='o'
ac_cv_path_AR='u:/usr/bin/ar.exe'
ac_cv_path_EGREP='U:/MOZTOOLS/grep.exe -E'
ac_cv_path_FALSE='u:/bin/false.exe'
ac_cv_path_GREP='U:/MOZTOOLS/grep.exe'
ac_cv_path_JAR='c:/programs/java142/bin/jar.exe'
ac_cv_path_JAVAC='c:/programs/java142/bin/javac.exe'
ac_cv_path_MAKE='u:/moztools/make.exe'
ac_cv_path_MKDIR='u:/bin/mkdir.exe'
ac_cv_path_MSGFMT='u:/usr/bin/msgfmt.exe'
ac_cv_path_MV='u:/bin/mv.exe'
ac_cv_path_PERL='u:/Perl/bin/perl.exe'
ac_cv_path_PROG_SENDMAIL='c:/tcpip/bin/sendmail.exe'
ac_cv_path_RM='u:/bin/rm.exe'
ac_cv_path_STRIP='echo '
ac_cv_path_TRUE='u:/bin/true.exe'
ac_cv_path_XARGS='u:/moztools/xargs.exe'
ac_cv_path__PATH_AWK='u:/moztools/awk.exe'
ac_cv_path__PATH_EGREP='c:/emx/bin/egrep.exe'
ac_cv_path__PATH_PERL='u:/Perl/bin/perl.exe'
ac_cv_path__PATH_SED='u:/moztools/sed.exe'
ac_cv_path__PATH_SH='u:/moztools/ash.exe'
ac_cv_path__PATH_SORT='u:/moztools/sort.exe'
ac_cv_path___CHGRP='echo'
ac_cv_path___CHOWN='echo'
ac_cv_path___RSH='echo'
ac_cv_path_install=''
ac_cv_path_mkdir='u:/bin/mkdir.exe'
ac_cv_path_uic='/dev/qt/trunk/bin/uic'
ac_cv_prog_AWK='gawk'
ac_cv_prog_CPP='gcc -E'
ac_cv_prog_CXXCPP='g++ -E'
ac_cv_prog_ac_ct_AR='ar.exe'
ac_cv_prog_ac_ct_CC='gcc'
ac_cv_prog_ac_ct_F77='gfortran'
ac_cv_prog_ac_ct_RANLIB='echo'
ac_cv_prog_ac_ct_STRIP='strip'
ac_cv_prog_cc_c89=''
ac_cv_prog_cc_g='yes'
ac_cv_prog_cc_gcc_c_o='yes'
ac_cv_prog_cxx_g='yes'
ac_cv_prog_f77_g='yes'
ac_cv_prog_make_make_set='yes'
ac_cv_type_u_int32_t='yes'
am_cv_CC_dependencies_compiler_type='gcc3'
am_cv_CXX_dependencies_compiler_type='gcc3'
lt_cv_deplibs_check_method='unknown'
lt_cv_file_magic_cmd='$MAGIC_CMD'
lt_cv_file_magic_test_file=''
lt_cv_ld_reload_flag='-r'
lt_cv_objdir='.libs'
lt_cv_path_LD='ld.exe'
lt_cv_path_LDCXX='ld.exe'
lt_cv_path_NM='U:/usr/bin/nm -B'
lt_cv_path_SED='U:/MOZTOOLS/sed.exe'
lt_cv_prog_compiler_c_o='yes'
lt_cv_prog_compiler_c_o_CXX='yes'
lt_cv_prog_compiler_c_o_F77='yes'
lt_cv_prog_compiler_rtti_exceptions='no'
lt_cv_prog_gnu_ld='no'
lt_cv_prog_gnu_ldcxx='no'
lt_cv_sys_global_symbol_pipe='sed -n -e '\''s/^.*[ 	]\([ABCDGIRSTW][ABCDGIRSTW]*\)[ 	][ 	]*_\([_A-Za-z][_A-Za-z0-9]*\)$/\1 _\2 \2/p'\'''
lt_cv_sys_global_symbol_to_c_name_address='sed -n -e '\''s/^: \([^ ]*\) $/  {\"\1\", (lt_ptr) 0},/p'\'' -e '\''s/^[BCDEGRST] \([^ ]*\) \([^ ]*\)$/  {"\2", (lt_ptr) \&\2},/p'\'''
lt_cv_sys_global_symbol_to_cdecl='sed -n -e '\''s/^. .* \(.*\)$/extern int \1;/p'\'''
lt_cv_sys_max_cmd_len=''
lt_lt_cv_prog_compiler_c_o='"yes"'
lt_lt_cv_prog_compiler_c_o_CXX='"yes"'
lt_lt_cv_prog_compiler_c_o_F77='"yes"'
lt_lt_cv_sys_global_symbol_pipe='"sed -n -e '\''s/^.*[ 	]\\([ABCDGIRSTW][ABCDGIRSTW]*\\)[ 	][ 	]*_\\([_A-Za-z][_A-Za-z0-9]*\\)\$/\\1 _\\2 \\2/p'\''"'
lt_lt_cv_sys_global_symbol_to_c_name_address='"sed -n -e '\''s/^: \\([^ ]*\\) \$/  {\\\"\\1\\\", (lt_ptr) 0},/p'\'' -e '\''s/^[BCDEGRST] \\([^ ]*\\) \\([^ ]*\\)\$/  {\"\\2\", (lt_ptr) \\&\\2},/p'\''"'
lt_lt_cv_sys_global_symbol_to_cdecl='"sed -n -e '\''s/^. .* \\(.*\\)\$/extern int \\1;/p'\''"'

## ----------------- ##
## Output variables. ##
## ----------------- ##

ACLOCAL='${SHELL} U:/progetti/giflib-4.1.6/missing --run aclocal-1.10'
AMDEPBACKSLASH='\'
AMDEP_FALSE='#'
AMDEP_TRUE=''
AMTAR='tar.exe'
AR='ar.exe'
AUTOCONF='${SHELL} U:/progetti/giflib-4.1.6/missing --run autoconf'
AUTOHEADER='${SHELL} U:/progetti/giflib-4.1.6/missing --run autoheader'
AUTOMAKE='${SHELL} U:/progetti/giflib-4.1.6/missing --run automake-1.10'
AWK='gawk'
CC='gcc'
CCDEPMODE='depmode=gcc3'
CFLAGS='-D__EMX__ -DOS2  -D__ST_MT_ERRNO__ -g -Wall'
COMPILABLE_EXTRAS=' gifclrmp.exe gifrotat.exe'
CPP='gcc -E'
CPPFLAGS=''
CXX='g++'
CXXCPP='g++ -E'
CXXDEPMODE='depmode=gcc3'
CXXFLAGS='-D__EMX__ -DOS2 -D__ST_MT_ERRNO__ -g'
CYGPATH_W='echo'
DEFS='-DHAVE_CONFIG_H'
DEPDIR='.deps'
DEVS=' '
ECHO='echo'
ECHO_C=''
ECHO_N='-n'
ECHO_T=''
EGREP='U:/MOZTOOLS/grep.exe -E'
EXEEXT='.exe'
F77='gfortran'
FFLAGS='-g -O2'
GL_S_LIB=''
GREP='U:/MOZTOOLS/grep.exe'
INSTALL_DATA='${INSTALL} -m 644'
INSTALL_PROGRAM='${INSTALL}'
INSTALL_SCRIPT='${INSTALL}'
INSTALL_STRIP_PROGRAM='$(install_sh) -c -s'
LDFLAGS='-Zexe -Zomf -Zmap -Zargs-wild -D__ST_MT_ERRNO__'
LIBOBJS=''
LIBS=''
LIBTOOL='$(SHELL) $(top_builddir)/libtool'
LN_S='ln -s'
LTLIBOBJS=''
MAKEINFO='makeinfo --no-split'
MATH_LIB=' -lm'
OBJEXT='o'
PACKAGE='giflib'
PACKAGE_BUGREPORT='abadger1999@sourceforge.net'
PACKAGE_NAME='giflib'
PACKAGE_STRING='giflib 4.1.6'
PACKAGE_TARNAME='giflib'
PACKAGE_VERSION='4.1.6'
PATH_SEPARATOR=';'
RANLIB='echo'
RLE_LIB=''
SED='U:/MOZTOOLS/sed.exe'
SET_MAKE=''
SHELL='sh'
STRIP='strip'
VERSION='4.1.6'
X11_LIB=''
XMKMF=''
X_CFLAGS=''
X_EXTRA_LIBS=''
X_LIBS=''
X_PRE_LIBS=''
ac_ct_CC='gcc'
ac_ct_CXX=''
ac_ct_F77='gfortran'
am__fastdepCC_FALSE='#'
am__fastdepCC_TRUE=''
am__fastdepCXX_FALSE='#'
am__fastdepCXX_TRUE=''
am__include='include'
am__isrc=''
am__leading_dot='.'
am__quote=''
am__tar='${AMTAR} chof - "$$tardir"'
am__untar='${AMTAR} xf -'
bindir='${exec_prefix}/bin'
build='i386-pc-os2-emx'
build_alias=''
build_cpu='i386'
build_os='os2-emx'
build_vendor='pc'
datadir='${datarootdir}'
datarootdir='${prefix}/share'
docdir='${datarootdir}/doc/${PACKAGE_TARNAME}'
dvidir='${docdir}'
exec_prefix='${prefix}'
host='i386-pc-os2-emx'
host_alias=''
host_cpu='i386'
host_os='os2-emx'
host_vendor='pc'
htmldir='${docdir}'
includedir='${prefix}/include'
infodir='${datarootdir}/info'
install_sh='$(SHELL) U:/progetti/giflib-4.1.6/install-sh'
libdir='${exec_prefix}/lib'
libexecdir='${exec_prefix}/libexec'
localedir='${datarootdir}/locale'
localstatedir='${prefix}/var'
mandir='${datarootdir}/man'
mkdir_p='u:/bin/mkdir.exe -p'
oldincludedir='/usr/include'
pdfdir='${docdir}'
prefix='/usr/local452'
program_transform_name='s,x,x,'
psdir='${docdir}'
sbindir='${exec_prefix}/sbin'
sharedstatedir='${prefix}/com'
sysconfdir='${prefix}/etc'
target_alias=''

## ----------- ##
## confdefs.h. ##
## ----------- ##

#define PACKAGE_NAME "giflib"
#define PACKAGE_TARNAME "giflib"
#define PACKAGE_VERSION "4.1.6"
#define PACKAGE_STRING "giflib 4.1.6"
#define PACKAGE_BUGREPORT "abadger1999@sourceforge.net"
#define PACKAGE "giflib"
#define VERSION "4.1.6"
#define STDC_HEADERS 1
#define HAVE_SYS_TYPES_H 1
#define HAVE_SYS_STAT_H 1
#define HAVE_STDLIB_H 1
#define HAVE_STRING_H 1
#define HAVE_MEMORY_H 1
#define HAVE_STRINGS_H 1
#define HAVE_INTTYPES_H 1
#define HAVE_STDINT_H 1
#define HAVE_UNISTD_H 1
#define HAVE_DLFCN_H 1
#define HAVE_GL_GL_H 1
#define X_DISPLAY_MISSING 1
#define HAVE_X11_XLIB_H 1
#define HAVE_X11_XUTIL_H 1
#define STDC_HEADERS 1
#define HAVE_STDARG_H 1
#define HAVE_FCNTL_H 1
#define HAVE_U_INT32_T 1
#define UINT32 u_int32_t
#define PROTOTYPES 1
#define __PROTOTYPES 1
#define HAVE_VPRINTF 1
#define HAVE_STRDUP 1

configure.: exit 0
